23:33:01:353  INFO 16280 --- [main] com.hmall.pay.PayApplication             : Starting PayApplication using Java 17.0.2 on LAPTOP-QAMB2AE5 with PID 16280 (D:\java专用\IDEA专用\hmall\pay-service\target\classes started by admin in D:\java专用\IDEA专用\hmall)
23:33:01:357 DEBUG 16280 --- [main] com.hmall.pay.PayApplication             : Running with Spring Boot v2.7.12, Spring v5.3.27
23:33:01:357  INFO 16280 --- [main] com.hmall.pay.PayApplication             : The following 1 profile is active: "local"
23:33:02:365  INFO 16280 --- [main] o.s.cloud.context.scope.GenericScope     : BeanFactory id=01d8b01a-9dca-395a-8a21-45a8fef661c6
23:33:02:697  INFO 16280 --- [main] o.s.b.w.embedded.tomcat.TomcatWebServer  : Tomcat initialized with port(s): 8086 (http)
23:33:02:698  INFO 16280 --- [main] o.a.catalina.core.AprLifecycleListener   : Loaded Apache Tomcat Native library [1.2.36] using APR version [1.7.2].
23:33:02:698  INFO 16280 --- [main] o.a.catalina.core.AprLifecycleListener   : APR capabilities: IPv6 [true], sendfile [true], accept filters [false], random [true], UDS [true].
23:33:02:698  INFO 16280 --- [main] o.a.catalina.core.AprLifecycleListener   : APR/OpenSSL configuration: useAprConnector [false], useOpenSSL [true]
23:33:02:702  INFO 16280 --- [main] o.a.catalina.core.AprLifecycleListener   : OpenSSL successfully initialized [OpenSSL 1.1.1t  7 Feb 2023]
23:33:02:709  INFO 16280 --- [main] o.apache.catalina.core.StandardService   : Starting service [Tomcat]
23:33:02:710  INFO 16280 --- [main] org.apache.catalina.core.StandardEngine  : Starting Servlet engine: [Apache Tomcat/9.0.75]
23:33:02:831  INFO 16280 --- [main] o.a.c.c.C.[Tomcat].[localhost].[/]       : Initializing Spring embedded WebApplicationContext
23:33:02:831  INFO 16280 --- [main] w.s.c.ServletWebServerApplicationContext : Root WebApplicationContext: initialization completed in 1426 ms
23:33:03:007  INFO 16280 --- [main] o.s.c.openfeign.FeignClientFactoryBean   : For 'user-service' URL not provided. Will try picking an instance via load-balancing.
23:33:03:055  INFO 16280 --- [main] o.s.c.openfeign.FeignClientFactoryBean   : For 'trade-service' URL not provided. Will try picking an instance via load-balancing.
23:33:04:328  INFO 16280 --- [main] pertySourcedRequestMappingHandlerMapping : Mapped URL path [/v2/api-docs] onto method [springfox.documentation.swagger2.web.Swagger2ControllerWebMvc#getDocumentation(String, HttpServletRequest)]
23:33:04:884  INFO 16280 --- [main] com.alibaba.nacos.common.remote.client   : [RpcClientFactory] create a new rpc client of 4f55908f-8d52-4013-8028-5464e1b8cf06
23:33:04:935  INFO 16280 --- [main] org.reflections.Reflections              : Reflections took 34 ms to scan 1 urls, producing 3 keys and 6 values 
23:33:04:960  INFO 16280 --- [main] org.reflections.Reflections              : Reflections took 10 ms to scan 1 urls, producing 4 keys and 9 values 
23:33:04:970  INFO 16280 --- [main] org.reflections.Reflections              : Reflections took 8 ms to scan 1 urls, producing 3 keys and 10 values 
23:33:04:972  WARN 16280 --- [main] org.reflections.Reflections              : given scan urls are empty. set urls in the configuration
23:33:04:980  INFO 16280 --- [main] org.reflections.Reflections              : Reflections took 7 ms to scan 1 urls, producing 1 keys and 5 values 
23:33:04:992  INFO 16280 --- [main] org.reflections.Reflections              : Reflections took 10 ms to scan 1 urls, producing 1 keys and 7 values 
23:33:05:002  INFO 16280 --- [main] org.reflections.Reflections              : Reflections took 8 ms to scan 1 urls, producing 2 keys and 8 values 
23:33:05:004  WARN 16280 --- [main] org.reflections.Reflections              : given scan urls are empty. set urls in the configuration
23:33:05:005  INFO 16280 --- [main] com.alibaba.nacos.common.remote.client   : [4f55908f-8d52-4013-8028-5464e1b8cf06] RpcClient init label, labels = {module=naming, source=sdk}
23:33:05:006  INFO 16280 --- [main] com.alibaba.nacos.common.remote.client   : [4f55908f-8d52-4013-8028-5464e1b8cf06] RpcClient init, ServerListFactory = com.alibaba.nacos.client.naming.core.ServerListManager
23:33:05:006  INFO 16280 --- [main] com.alibaba.nacos.common.remote.client   : [4f55908f-8d52-4013-8028-5464e1b8cf06] Registry connection listener to current client:com.alibaba.nacos.client.naming.remote.gprc.redo.NamingGrpcRedoService
23:33:05:007  INFO 16280 --- [main] com.alibaba.nacos.common.remote.client   : [4f55908f-8d52-4013-8028-5464e1b8cf06] Register server push request handler:com.alibaba.nacos.client.naming.remote.gprc.NamingPushRequestHandler
23:33:05:008  INFO 16280 --- [main] com.alibaba.nacos.common.remote.client   : [4f55908f-8d52-4013-8028-5464e1b8cf06] Try to connect to server on start up, server: {serverIp = '192.168.164.129', server main port = 8848}
23:33:06:003  INFO 16280 --- [main] com.alibaba.nacos.common.remote.client   : [4f55908f-8d52-4013-8028-5464e1b8cf06] Success to connect to server [192.168.164.129:8848] on start up, connectionId = 1699889586667_192.168.164.1_65155
23:33:06:004  INFO 16280 --- [com.alibaba.nacos.client.remote.worker] com.alibaba.nacos.common.remote.client   : [4f55908f-8d52-4013-8028-5464e1b8cf06] Notify connected event to listeners.
23:33:06:004  INFO 16280 --- [main] com.alibaba.nacos.common.remote.client   : [4f55908f-8d52-4013-8028-5464e1b8cf06] Register server push request handler:com.alibaba.nacos.common.remote.client.RpcClient$ConnectResetRequestHandler
23:33:06:005  INFO 16280 --- [main] com.alibaba.nacos.common.remote.client   : [4f55908f-8d52-4013-8028-5464e1b8cf06] Register server push request handler:com.alibaba.nacos.common.remote.client.RpcClient$$Lambda$990/0x000000080129ca80
23:33:06:082  INFO 16280 --- [main] o.s.b.w.embedded.tomcat.TomcatWebServer  : Tomcat started on port(s): 8086 (http) with context path ''
23:33:06:092  INFO 16280 --- [main] c.a.c.n.registry.NacosServiceRegistry    : nacos registry, DEFAULT_GROUP pay-service 10.70.28.223:8086 register finished
23:33:06:373  INFO 16280 --- [main] d.s.w.p.DocumentationPluginsBootstrapper : Documentation plugins bootstrapped
23:33:06:375  INFO 16280 --- [main] d.s.w.p.DocumentationPluginsBootstrapper : Found 1 custom documentation plugin(s)
23:33:06:392  INFO 16280 --- [main] s.d.s.w.s.ApiListingReferenceScanner     : Scanning for api listing references
23:33:06:506  INFO 16280 --- [main] com.hmall.pay.PayApplication             : Started PayApplication in 6.182 seconds (JVM running for 6.867)
23:33:06:561  INFO 16280 --- [nacos-grpc-client-executor-9] com.alibaba.nacos.common.remote.client   : [4f55908f-8d52-4013-8028-5464e1b8cf06] Receive server push request, request = NotifySubscriberRequest, requestId = 19
23:33:06:564  INFO 16280 --- [nacos-grpc-client-executor-9] com.alibaba.nacos.common.remote.client   : [4f55908f-8d52-4013-8028-5464e1b8cf06] Ack server push request, request = NotifySubscriberRequest, requestId = 19
23:45:46:952  WARN 16280 --- [Thread-7] c.a.n.common.http.HttpClientBeanHolder   : [HttpClientBeanHolder] Start destroying common HttpClient
23:45:46:952  WARN 16280 --- [Thread-4] c.a.nacos.common.notify.NotifyCenter     : [NotifyCenter] Start destroying Publisher
23:45:46:958  WARN 16280 --- [Thread-4] c.a.nacos.common.notify.NotifyCenter     : [NotifyCenter] Destruction of the end
23:45:46:959  WARN 16280 --- [Thread-7] c.a.n.common.http.HttpClientBeanHolder   : [HttpClientBeanHolder] Destruction of the end
23:45:47:072  INFO 16280 --- [SpringApplicationShutdownHook] c.a.c.n.registry.NacosServiceRegistry    : De-registering from Nacos Server now...
23:45:47:076  INFO 16280 --- [SpringApplicationShutdownHook] c.a.c.n.registry.NacosServiceRegistry    : De-registration finished.
23:45:47:399  INFO 16280 --- [SpringApplicationShutdownHook] com.alibaba.nacos.common.remote.client   : Shutdown rpc client, set status to shutdown
23:45:47:400  INFO 16280 --- [SpringApplicationShutdownHook] com.alibaba.nacos.common.remote.client   : Shutdown client event executor java.util.concurrent.ScheduledThreadPoolExecutor@5edd1f9f[Running, pool size = 2, active threads = 2, queued tasks = 0, completed tasks = 0]
23:45:47:401  INFO 16280 --- [SpringApplicationShutdownHook] com.alibaba.nacos.common.remote.client   : Close current connection 1699889586667_192.168.164.1_65155
23:45:47:406  INFO 16280 --- [nacos-grpc-client-executor-172] c.a.n.c.remote.client.grpc.GrpcClient    : [1699889586667_192.168.164.1_65155]Ignore complete event,isRunning:false,isAbandon=false
23:45:47:415  INFO 16280 --- [SpringApplicationShutdownHook] c.a.n.c.remote.client.grpc.GrpcClient    : Shutdown grpc executor java.util.concurrent.ThreadPoolExecutor@30df574a[Running, pool size = 6, active threads = 0, queued tasks = 0, completed tasks = 173]
