10:43:58:439  INFO 7464 --- [main] com.hmall.HMallApplication               : Starting HMallApplication using Java 17.0.2 on LAPTOP-QAMB2AE5 with PID 7464 (D:\java专用\IDEA专用\hmall\hm-service\target\classes started by admin in D:\java专用\IDEA专用\hmall)
10:43:58:448 DEBUG 7464 --- [main] com.hmall.HMallApplication               : Running with Spring Boot v2.7.12, Spring v5.3.27
10:43:58:450  INFO 7464 --- [main] com.hmall.HMallApplication               : The following 1 profile is active: "local"
10:44:00:625  INFO 7464 --- [main] .s.d.r.c.RepositoryConfigurationDelegate : Multiple Spring Data modules found, entering strict repository configuration mode
10:44:00:630  INFO 7464 --- [main] .s.d.r.c.RepositoryConfigurationDelegate : Bootstrapping Spring Data Redis repositories in DEFAULT mode.
10:44:00:710  INFO 7464 --- [main] .s.d.r.c.RepositoryConfigurationDelegate : Finished Spring Data repository scanning in 43 ms. Found 0 Redis repository interfaces.
10:44:02:323  INFO 7464 --- [main] o.s.b.w.embedded.tomcat.TomcatWebServer  : Tomcat initialized with port(s): 8080 (http)
10:44:02:326  INFO 7464 --- [main] o.a.catalina.core.AprLifecycleListener   : Loaded Apache Tomcat Native library [1.2.36] using APR version [1.7.2].
10:44:02:326  INFO 7464 --- [main] o.a.catalina.core.AprLifecycleListener   : APR capabilities: IPv6 [true], sendfile [true], accept filters [false], random [true], UDS [true].
10:44:02:326  INFO 7464 --- [main] o.a.catalina.core.AprLifecycleListener   : APR/OpenSSL configuration: useAprConnector [false], useOpenSSL [true]
10:44:02:351  INFO 7464 --- [main] o.a.catalina.core.AprLifecycleListener   : OpenSSL successfully initialized [OpenSSL 1.1.1t  7 Feb 2023]
10:44:02:373  INFO 7464 --- [main] o.apache.catalina.core.StandardService   : Starting service [Tomcat]
10:44:02:374  INFO 7464 --- [main] org.apache.catalina.core.StandardEngine  : Starting Servlet engine: [Apache Tomcat/9.0.75]
10:44:02:628  INFO 7464 --- [main] o.a.c.c.C.[Tomcat].[localhost].[/]       : Initializing Spring embedded WebApplicationContext
10:44:02:629  INFO 7464 --- [main] w.s.c.ServletWebServerApplicationContext : Root WebApplicationContext: initialization completed in 4090 ms
10:44:06:485  INFO 7464 --- [main] pertySourcedRequestMappingHandlerMapping : Mapped URL path [/v2/api-docs] onto method [springfox.documentation.swagger2.web.Swagger2ControllerWebMvc#getDocumentation(String, HttpServletRequest)]
10:44:07:491  INFO 7464 --- [main] o.s.b.w.embedded.tomcat.TomcatWebServer  : Tomcat started on port(s): 8080 (http) with context path ''
10:44:07:494  INFO 7464 --- [main] d.s.w.p.DocumentationPluginsBootstrapper : Documentation plugins bootstrapped
10:44:07:504  INFO 7464 --- [main] d.s.w.p.DocumentationPluginsBootstrapper : Found 1 custom documentation plugin(s)
10:44:07:632  INFO 7464 --- [main] s.d.s.w.s.ApiListingReferenceScanner     : Scanning for api listing references
10:44:08:285  INFO 7464 --- [main] com.hmall.HMallApplication               : Started HMallApplication in 10.744 seconds (JVM running for 12.033)
