09:53:12:444  INFO 7508 --- [main] com.hmall.cart.CartApplication           : The following 1 profile is active: "local"
09:53:15:706  INFO 7508 --- [main] .s.d.r.c.RepositoryConfigurationDelegate : Multiple Spring Data modules found, entering strict repository configuration mode
09:53:15:718  INFO 7508 --- [main] .s.d.r.c.RepositoryConfigurationDelegate : Bootstrapping Spring Data Redis repositories in DEFAULT mode.
09:53:15:815  INFO 7508 --- [main] .s.d.r.c.RepositoryConfigurationDelegate : Finished Spring Data repository scanning in 27 ms. Found 0 Redis repository interfaces.
09:53:16:818  INFO 7508 --- [main] o.s.cloud.context.scope.GenericScope     : BeanFactory id=9ca57419-42cc-3f13-9c06-be7aaad82662
09:53:18:185  INFO 7508 --- [main] o.s.b.w.embedded.tomcat.TomcatWebServer  : Tomcat initialized with port(s): 8082 (http)
09:53:18:187  INFO 7508 --- [main] o.a.catalina.core.AprLifecycleListener   : Loaded Apache Tomcat Native library [1.2.36] using APR version [1.7.2].
09:53:18:188  INFO 7508 --- [main] o.a.catalina.core.AprLifecycleListener   : APR capabilities: IPv6 [true], sendfile [true], accept filters [false], random [true], UDS [true].
09:53:18:189  INFO 7508 --- [main] o.a.catalina.core.AprLifecycleListener   : APR/OpenSSL configuration: useAprConnector [false], useOpenSSL [true]
09:53:18:195  INFO 7508 --- [main] o.a.catalina.core.AprLifecycleListener   : OpenSSL successfully initialized [OpenSSL 1.1.1t  7 Feb 2023]
09:53:18:219  INFO 7508 --- [main] o.apache.catalina.core.StandardService   : Starting service [Tomcat]
09:53:18:219  INFO 7508 --- [main] org.apache.catalina.core.StandardEngine  : Starting Servlet engine: [Apache Tomcat/9.0.75]
09:53:18:590  INFO 7508 --- [main] o.a.c.c.C.[Tomcat].[localhost].[/]       : Initializing Spring embedded WebApplicationContext
09:53:18:591  INFO 7508 --- [main] w.s.c.ServletWebServerApplicationContext : Root WebApplicationContext: initialization completed in 6057 ms
09:53:19:682  INFO 7508 --- [main] o.s.c.openfeign.FeignClientFactoryBean   : For 'item-service' URL not provided. Will try picking an instance via load-balancing.
09:53:24:206  INFO 7508 --- [main] c.a.c.sentinel.SentinelWebMvcConfigurer  : [Sentinel Starter] register SentinelWebInterceptor with urlPatterns: [/**].
09:53:26:407  INFO 7508 --- [main] pertySourcedRequestMappingHandlerMapping : Mapped URL path [/v2/api-docs] onto method [springfox.documentation.swagger2.web.Swagger2ControllerWebMvc#getDocumentation(String, HttpServletRequest)]
09:53:29:998  INFO 7508 --- [main] com.alibaba.nacos.common.remote.client   : [RpcClientFactory] create a new rpc client of 82e7fd58-266e-4b87-ae39-425ea251d11a
09:53:29:998  INFO 7508 --- [main] com.alibaba.nacos.common.remote.client   : [82e7fd58-266e-4b87-ae39-425ea251d11a] RpcClient init label, labels = {module=naming, source=sdk}
09:53:30:001  INFO 7508 --- [main] com.alibaba.nacos.common.remote.client   : [82e7fd58-266e-4b87-ae39-425ea251d11a] RpcClient init, ServerListFactory = com.alibaba.nacos.client.naming.core.ServerListManager
09:53:30:001  INFO 7508 --- [main] com.alibaba.nacos.common.remote.client   : [82e7fd58-266e-4b87-ae39-425ea251d11a] Registry connection listener to current client:com.alibaba.nacos.client.naming.remote.gprc.redo.NamingGrpcRedoService
09:53:30:002  INFO 7508 --- [main] com.alibaba.nacos.common.remote.client   : [82e7fd58-266e-4b87-ae39-425ea251d11a] Register server push request handler:com.alibaba.nacos.client.naming.remote.gprc.NamingPushRequestHandler
09:53:30:003  INFO 7508 --- [main] com.alibaba.nacos.common.remote.client   : [82e7fd58-266e-4b87-ae39-425ea251d11a] Try to connect to server on start up, server: {serverIp = '192.168.164.129', server main port = 8848}
09:53:30:445  INFO 7508 --- [main] com.alibaba.nacos.common.remote.client   : [82e7fd58-266e-4b87-ae39-425ea251d11a] Success to connect to server [192.168.164.129:8848] on start up, connectionId = 1700531610991_192.168.164.1_58535
09:53:30:445  INFO 7508 --- [main] com.alibaba.nacos.common.remote.client   : [82e7fd58-266e-4b87-ae39-425ea251d11a] Register server push request handler:com.alibaba.nacos.common.remote.client.RpcClient$ConnectResetRequestHandler
09:53:30:445  INFO 7508 --- [com.alibaba.nacos.client.remote.worker] com.alibaba.nacos.common.remote.client   : [82e7fd58-266e-4b87-ae39-425ea251d11a] Notify connected event to listeners.
09:53:30:445  INFO 7508 --- [main] com.alibaba.nacos.common.remote.client   : [82e7fd58-266e-4b87-ae39-425ea251d11a] Register server push request handler:com.alibaba.nacos.common.remote.client.RpcClient$$Lambda$483/0x0000000801023938
09:53:30:516  INFO 7508 --- [main] o.s.b.w.embedded.tomcat.TomcatWebServer  : Tomcat started on port(s): 8082 (http) with context path ''
09:53:30:541  INFO 7508 --- [main] c.a.c.n.registry.NacosServiceRegistry    : nacos registry, DEFAULT_GROUP cart-service 10.40.38.9:8082 register finished
09:53:31:090  INFO 7508 --- [nacos-grpc-client-executor-6] com.alibaba.nacos.common.remote.client   : [82e7fd58-266e-4b87-ae39-425ea251d11a] Receive server push request, request = NotifySubscriberRequest, requestId = 2
09:53:31:096  INFO 7508 --- [nacos-grpc-client-executor-6] com.alibaba.nacos.common.remote.client   : [82e7fd58-266e-4b87-ae39-425ea251d11a] Ack server push request, request = NotifySubscriberRequest, requestId = 2
09:53:31:344  INFO 7508 --- [main] d.s.w.p.DocumentationPluginsBootstrapper : Documentation plugins bootstrapped
09:53:31:348  INFO 7508 --- [main] d.s.w.p.DocumentationPluginsBootstrapper : Found 1 custom documentation plugin(s)
09:53:31:418  INFO 7508 --- [main] s.d.s.w.s.ApiListingReferenceScanner     : Scanning for api listing references
09:53:31:601  INFO 7508 --- [main] com.hmall.cart.CartApplication           : Started CartApplication in 28.818 seconds (JVM running for 29.926)
09:53:31:610  INFO 7508 --- [main] c.a.c.n.refresh.NacosContextRefresher    : [Nacos Config] Listening config: dataId=cart-service, group=DEFAULT_GROUP
09:53:31:612  INFO 7508 --- [main] c.a.c.n.refresh.NacosContextRefresher    : [Nacos Config] Listening config: dataId=cart-service.yaml, group=DEFAULT_GROUP
09:53:31:612  INFO 7508 --- [main] c.a.c.n.refresh.NacosContextRefresher    : [Nacos Config] Listening config: dataId=cart-service-local.yaml, group=DEFAULT_GROUP
09:54:19:866  INFO 7508 --- [http-nio-8082-exec-1] o.a.c.c.C.[Tomcat].[localhost].[/]       : Initializing Spring DispatcherServlet 'dispatcherServlet'
09:54:19:867  INFO 7508 --- [http-nio-8082-exec-1] o.s.web.servlet.DispatcherServlet        : Initializing Servlet 'dispatcherServlet'
09:54:19:869  INFO 7508 --- [http-nio-8082-exec-1] o.s.web.servlet.DispatcherServlet        : Completed initialization in 2 ms
09:54:20:177  WARN 7508 --- [http-nio-8082-exec-1] c.b.m.c.t.support.ReflectLambdaMeta      : Unable to make field private final java.lang.Class java.lang.invoke.SerializedLambda.capturingClass accessible: module java.base does not "opens java.lang.invoke" to unnamed module @78691363
09:54:20:192  INFO 7508 --- [http-nio-8082-exec-1] com.zaxxer.hikari.HikariDataSource       : HikariPool-1 - Starting...
09:54:20:584  INFO 7508 --- [http-nio-8082-exec-1] com.zaxxer.hikari.HikariDataSource       : HikariPool-1 - Start completed.
09:54:20:594 DEBUG 7508 --- [http-nio-8082-exec-1] c.h.cart.mapper.CartMapper.selectList    : ==>  Preparing: SELECT id,user_id,item_id,num,name,spec,price,image,create_time,update_time FROM cart WHERE (user_id = ?)
09:54:20:626 DEBUG 7508 --- [http-nio-8082-exec-1] c.h.cart.mapper.CartMapper.selectList    : ==> Parameters: 1(Long)
09:54:20:667 DEBUG 7508 --- [http-nio-8082-exec-1] c.h.cart.mapper.CartMapper.selectList    : <==      Total: 2
09:54:20:778 DEBUG 7508 --- [http-nio-8082-exec-1] com.hmall.api.client.ItemClient          : [ItemClient#queryItemByIds] ---> GET http://item-service/items?ids=100001511821&ids=2120808 HTTP/1.1
09:54:20:778 DEBUG 7508 --- [http-nio-8082-exec-1] com.hmall.api.client.ItemClient          : [ItemClient#queryItemByIds] user-info: 1
09:54:20:779 DEBUG 7508 --- [http-nio-8082-exec-1] com.hmall.api.client.ItemClient          : [ItemClient#queryItemByIds] ---> END HTTP (0-byte body)
09:54:21:518  INFO 7508 --- [nacos-grpc-client-executor-20] com.alibaba.nacos.common.remote.client   : [82e7fd58-266e-4b87-ae39-425ea251d11a] Receive server push request, request = NotifySubscriberRequest, requestId = 12
09:54:21:518  INFO 7508 --- [nacos-grpc-client-executor-20] com.alibaba.nacos.common.remote.client   : [82e7fd58-266e-4b87-ae39-425ea251d11a] Ack server push request, request = NotifySubscriberRequest, requestId = 12
09:54:22:097 DEBUG 7508 --- [http-nio-8082-exec-1] com.hmall.api.client.ItemClient          : [ItemClient#queryItemByIds] <--- HTTP/1.1 200  (1317ms)
09:54:22:097 DEBUG 7508 --- [http-nio-8082-exec-1] com.hmall.api.client.ItemClient          : [ItemClient#queryItemByIds] connection: keep-alive
09:54:22:097 DEBUG 7508 --- [http-nio-8082-exec-1] com.hmall.api.client.ItemClient          : [ItemClient#queryItemByIds] content-type: application/json
09:54:22:097 DEBUG 7508 --- [http-nio-8082-exec-1] com.hmall.api.client.ItemClient          : [ItemClient#queryItemByIds] date: Tue, 21 Nov 2023 01:54:22 GMT
09:54:22:097 DEBUG 7508 --- [http-nio-8082-exec-1] com.hmall.api.client.ItemClient          : [ItemClient#queryItemByIds] keep-alive: timeout=60
09:54:22:097 DEBUG 7508 --- [http-nio-8082-exec-1] com.hmall.api.client.ItemClient          : [ItemClient#queryItemByIds] transfer-encoding: chunked
09:54:22:097 DEBUG 7508 --- [http-nio-8082-exec-1] com.hmall.api.client.ItemClient          : [ItemClient#queryItemByIds] 
09:54:22:099 DEBUG 7508 --- [http-nio-8082-exec-1] com.hmall.api.client.ItemClient          : [ItemClient#queryItemByIds] [{"id":"2120808","name":"姬龙雪 guy laroche女包 GL经典手提包女牛皮大容量单肩包女欧美时尚包包女包GS1210001-06杏色","price":71800,"stock":-1,"image":"https://m.360buyimg.com/mobilecms/s720x720_jfs/t30694/267/398774087/90954/6fc143cf/5bf25358N14dadbf7.jpg!q70.jpg.webp","category":"真皮包","brand":"姬龙雪","spec":"{}","sold":0,"commentCount":0,"isAD":false,"status":1},{"id":"100001511821","name":"HMDIME 牛仔背带裤女2018秋冬新品 韩版学院风潮流百搭弹力修身补丁学生吊带长裤女 AXNZ369 深蓝 30","price":13700,"stock":10000,"image":"https://m.360buyimg.com/mobilecms/s720x720_jfs/t30892/263/313055374/557791/c98e9abc/5bef811aN036f7c3b.jpg!q70.jpg.webp","category":"牛仔裤","brand":"HMDIME","spec":"{\"颜色\": \"蓝色\", \"尺码\": \"30\"}","sold":0,"commentCount":0,"isAD":false,"status":1}]
09:54:22:099 DEBUG 7508 --- [http-nio-8082-exec-1] com.hmall.api.client.ItemClient          : [ItemClient#queryItemByIds] <--- END HTTP (862-byte body)
09:54:22:196 DEBUG 7508 --- [http-nio-8082-exec-2] c.h.cart.mapper.CartMapper.selectList    : ==>  Preparing: SELECT id,user_id,item_id,num,name,spec,price,image,create_time,update_time FROM cart WHERE (user_id = ?)
09:54:22:196 DEBUG 7508 --- [http-nio-8082-exec-2] c.h.cart.mapper.CartMapper.selectList    : ==> Parameters: 1(Long)
09:54:22:199 DEBUG 7508 --- [http-nio-8082-exec-2] c.h.cart.mapper.CartMapper.selectList    : <==      Total: 2
09:54:22:200 DEBUG 7508 --- [http-nio-8082-exec-2] com.hmall.api.client.ItemClient          : [ItemClient#queryItemByIds] ---> GET http://item-service/items?ids=100001511821&ids=2120808 HTTP/1.1
09:54:22:201 DEBUG 7508 --- [http-nio-8082-exec-2] com.hmall.api.client.ItemClient          : [ItemClient#queryItemByIds] user-info: 1
09:54:22:201 DEBUG 7508 --- [http-nio-8082-exec-2] com.hmall.api.client.ItemClient          : [ItemClient#queryItemByIds] ---> END HTTP (0-byte body)
09:54:23:116 DEBUG 7508 --- [http-nio-8082-exec-2] com.hmall.api.client.ItemClient          : [ItemClient#queryItemByIds] <--- HTTP/1.1 200  (914ms)
09:54:23:116 DEBUG 7508 --- [http-nio-8082-exec-2] com.hmall.api.client.ItemClient          : [ItemClient#queryItemByIds] connection: keep-alive
09:54:23:116 DEBUG 7508 --- [http-nio-8082-exec-2] com.hmall.api.client.ItemClient          : [ItemClient#queryItemByIds] content-type: application/json
09:54:23:116 DEBUG 7508 --- [http-nio-8082-exec-2] com.hmall.api.client.ItemClient          : [ItemClient#queryItemByIds] date: Tue, 21 Nov 2023 01:54:23 GMT
09:54:23:116 DEBUG 7508 --- [http-nio-8082-exec-2] com.hmall.api.client.ItemClient          : [ItemClient#queryItemByIds] keep-alive: timeout=60
09:54:23:116 DEBUG 7508 --- [http-nio-8082-exec-2] com.hmall.api.client.ItemClient          : [ItemClient#queryItemByIds] transfer-encoding: chunked
09:54:23:117 DEBUG 7508 --- [http-nio-8082-exec-2] com.hmall.api.client.ItemClient          : [ItemClient#queryItemByIds] 
09:54:23:120 DEBUG 7508 --- [http-nio-8082-exec-2] com.hmall.api.client.ItemClient          : [ItemClient#queryItemByIds] [{"id":"2120808","name":"姬龙雪 guy laroche女包 GL经典手提包女牛皮大容量单肩包女欧美时尚包包女包GS1210001-06杏色","price":71800,"stock":-1,"image":"https://m.360buyimg.com/mobilecms/s720x720_jfs/t30694/267/398774087/90954/6fc143cf/5bf25358N14dadbf7.jpg!q70.jpg.webp","category":"真皮包","brand":"姬龙雪","spec":"{}","sold":0,"commentCount":0,"isAD":false,"status":1},{"id":"100001511821","name":"HMDIME 牛仔背带裤女2018秋冬新品 韩版学院风潮流百搭弹力修身补丁学生吊带长裤女 AXNZ369 深蓝 30","price":13700,"stock":10000,"image":"https://m.360buyimg.com/mobilecms/s720x720_jfs/t30892/263/313055374/557791/c98e9abc/5bef811aN036f7c3b.jpg!q70.jpg.webp","category":"牛仔裤","brand":"HMDIME","spec":"{\"颜色\": \"蓝色\", \"尺码\": \"30\"}","sold":0,"commentCount":0,"isAD":false,"status":1}]
09:54:23:120 DEBUG 7508 --- [http-nio-8082-exec-2] com.hmall.api.client.ItemClient          : [ItemClient#queryItemByIds] <--- END HTTP (862-byte body)
11:08:15:033  INFO 7508 --- [nacos-grpc-client-executor-908] com.alibaba.nacos.common.remote.client   : [82e7fd58-266e-4b87-ae39-425ea251d11a] Receive server push request, request = NotifySubscriberRequest, requestId = 13
11:08:15:043  INFO 7508 --- [nacos-grpc-client-executor-908] com.alibaba.nacos.common.remote.client   : [82e7fd58-266e-4b87-ae39-425ea251d11a] Ack server push request, request = NotifySubscriberRequest, requestId = 13
11:08:19:156  INFO 7508 --- [nacos-grpc-client-executor-909] com.alibaba.nacos.common.remote.client   : [82e7fd58-266e-4b87-ae39-425ea251d11a] Receive server push request, request = NotifySubscriberRequest, requestId = 15
11:08:19:157  INFO 7508 --- [nacos-grpc-client-executor-909] com.alibaba.nacos.common.remote.client   : [82e7fd58-266e-4b87-ae39-425ea251d11a] Ack server push request, request = NotifySubscriberRequest, requestId = 15
11:16:30:338  INFO 7508 --- [nacos-grpc-client-executor-1007] com.alibaba.nacos.common.remote.client   : [82e7fd58-266e-4b87-ae39-425ea251d11a] Receive server push request, request = NotifySubscriberRequest, requestId = 18
11:16:30:341  INFO 7508 --- [nacos-grpc-client-executor-1007] com.alibaba.nacos.common.remote.client   : [82e7fd58-266e-4b87-ae39-425ea251d11a] Ack server push request, request = NotifySubscriberRequest, requestId = 18
11:19:32:407  WARN 7508 --- [Thread-5] c.a.nacos.common.notify.NotifyCenter     : [NotifyCenter] Start destroying Publisher
11:19:32:410  WARN 7508 --- [Thread-5] c.a.nacos.common.notify.NotifyCenter     : [NotifyCenter] Destruction of the end
11:19:32:410  WARN 7508 --- [Thread-1] c.a.n.common.http.HttpClientBeanHolder   : [HttpClientBeanHolder] Start destroying common HttpClient
11:19:32:422  WARN 7508 --- [Thread-1] c.a.n.common.http.HttpClientBeanHolder   : [HttpClientBeanHolder] Destruction of the end
11:19:32:712  INFO 7508 --- [SpringApplicationShutdownHook] c.a.c.n.registry.NacosServiceRegistry    : De-registering from Nacos Server now...
11:19:32:717  INFO 7508 --- [SpringApplicationShutdownHook] c.a.c.n.registry.NacosServiceRegistry    : De-registration finished.
11:19:33:156  INFO 7508 --- [SpringApplicationShutdownHook] com.alibaba.nacos.common.remote.client   : Shutdown rpc client, set status to shutdown
11:19:33:156  INFO 7508 --- [SpringApplicationShutdownHook] com.alibaba.nacos.common.remote.client   : Shutdown client event executor java.util.concurrent.ScheduledThreadPoolExecutor@269d45cc[Running, pool size = 2, active threads = 2, queued tasks = 0, completed tasks = 0]
11:19:33:156  INFO 7508 --- [SpringApplicationShutdownHook] com.alibaba.nacos.common.remote.client   : Close current connection 1700531610991_192.168.164.1_58535
11:19:33:163  INFO 7508 --- [SpringApplicationShutdownHook] c.a.n.c.remote.client.grpc.GrpcClient    : Shutdown grpc executor java.util.concurrent.ThreadPoolExecutor@5a0790c8[Running, pool size = 6, active threads = 1, queued tasks = 0, completed tasks = 1047]
11:19:33:172  INFO 7508 --- [SpringApplicationShutdownHook] com.zaxxer.hikari.HikariDataSource       : HikariPool-1 - Shutdown initiated...
11:19:33:184  INFO 7508 --- [nacos-grpc-client-executor-1047] c.a.n.c.remote.client.grpc.GrpcClient    : [1700531610991_192.168.164.1_58535]Ignore complete event,isRunning:false,isAbandon=false
11:19:33:210  INFO 7508 --- [SpringApplicationShutdownHook] com.zaxxer.hikari.HikariDataSource       : HikariPool-1 - Shutdown completed.
11:19:48:012  INFO 18036 --- [main] com.hmall.cart.CartApplication           : The following 1 profile is active: "local"
11:19:48:792  INFO 18036 --- [main] .s.d.r.c.RepositoryConfigurationDelegate : Multiple Spring Data modules found, entering strict repository configuration mode
11:19:48:794  INFO 18036 --- [main] .s.d.r.c.RepositoryConfigurationDelegate : Bootstrapping Spring Data Redis repositories in DEFAULT mode.
11:19:48:814  INFO 18036 --- [main] .s.d.r.c.RepositoryConfigurationDelegate : Finished Spring Data repository scanning in 7 ms. Found 0 Redis repository interfaces.
11:19:49:027  INFO 18036 --- [main] o.s.cloud.context.scope.GenericScope     : BeanFactory id=2040b264-0826-3155-ae44-bede713173a9
11:19:49:091  INFO 18036 --- [main] trationDelegate$BeanPostProcessorChecker : Bean 'io.seata.spring.boot.autoconfigure.SeataCoreAutoConfiguration' of type [io.seata.spring.boot.autoconfigure.SeataCoreAutoConfiguration] is not eligible for getting processed by all BeanPostProcessors (for example: not eligible for auto-proxying)
11:19:49:091  INFO 18036 --- [main] trationDelegate$BeanPostProcessorChecker : Bean 'springApplicationContextProvider' of type [io.seata.spring.boot.autoconfigure.provider.SpringApplicationContextProvider] is not eligible for getting processed by all BeanPostProcessors (for example: not eligible for auto-proxying)
11:19:49:092  INFO 18036 --- [main] trationDelegate$BeanPostProcessorChecker : Bean 'io.seata.spring.boot.autoconfigure.SeataAutoConfiguration' of type [io.seata.spring.boot.autoconfigure.SeataAutoConfiguration] is not eligible for getting processed by all BeanPostProcessors (for example: not eligible for auto-proxying)
11:19:49:114  INFO 18036 --- [main] trationDelegate$BeanPostProcessorChecker : Bean 'failureHandler' of type [io.seata.tm.api.DefaultFailureHandlerImpl] is not eligible for getting processed by all BeanPostProcessors (for example: not eligible for auto-proxying)
11:19:49:117  INFO 18036 --- [main] trationDelegate$BeanPostProcessorChecker : Bean 'org.springframework.cloud.commons.config.CommonsConfigAutoConfiguration' of type [org.springframework.cloud.commons.config.CommonsConfigAutoConfiguration] is not eligible for getting processed by all BeanPostProcessors (for example: not eligible for auto-proxying)
11:19:49:118  INFO 18036 --- [main] trationDelegate$BeanPostProcessorChecker : Bean 'org.springframework.cloud.client.loadbalancer.LoadBalancerDefaultMappingsProviderAutoConfiguration' of type [org.springframework.cloud.client.loadbalancer.LoadBalancerDefaultMappingsProviderAutoConfiguration] is not eligible for getting processed by all BeanPostProcessors (for example: not eligible for auto-proxying)
11:19:49:119  INFO 18036 --- [main] trationDelegate$BeanPostProcessorChecker : Bean 'loadBalancerClientsDefaultsMappingsProvider' of type [org.springframework.cloud.client.loadbalancer.LoadBalancerDefaultMappingsProviderAutoConfiguration$$Lambda$602/0x0000000801155af0] is not eligible for getting processed by all BeanPostProcessors (for example: not eligible for auto-proxying)
11:19:49:119  INFO 18036 --- [main] trationDelegate$BeanPostProcessorChecker : Bean 'defaultsBindHandlerAdvisor' of type [org.springframework.cloud.commons.config.DefaultsBindHandlerAdvisor] is not eligible for getting processed by all BeanPostProcessors (for example: not eligible for auto-proxying)
11:19:49:123  INFO 18036 --- [main] trationDelegate$BeanPostProcessorChecker : Bean 'springCloudAlibabaConfiguration' of type [io.seata.spring.boot.autoconfigure.properties.SpringCloudAlibabaConfiguration] is not eligible for getting processed by all BeanPostProcessors (for example: not eligible for auto-proxying)
11:19:49:125  INFO 18036 --- [main] trationDelegate$BeanPostProcessorChecker : Bean 'seataProperties' of type [io.seata.spring.boot.autoconfigure.properties.SeataProperties] is not eligible for getting processed by all BeanPostProcessors (for example: not eligible for auto-proxying)
11:19:49:128  INFO 18036 --- [main] i.s.s.b.a.SeataAutoConfiguration         : Automatically configure Seata
11:19:49:176  INFO 18036 --- [main] io.seata.config.ConfigurationFactory     : load Configuration from :Spring Configuration
11:19:49:179  INFO 18036 --- [main] io.seata.config.ConfigurationFactory     : load Configuration from :Spring Configuration
11:19:49:240  INFO 18036 --- [main] i.s.s.a.GlobalTransactionScanner         : Initializing Global Transaction Clients ... 
11:19:49:310  INFO 18036 --- [main] i.s.core.rpc.netty.NettyClientBootstrap  : NettyClientBootstrap has started
11:19:49:446  INFO 18036 --- [main] com.alibaba.nacos.common.remote.client   : [RpcClientFactory] create a new rpc client of 909b8021-ade6-4fa1-ab87-21f03816733f
11:19:49:446  INFO 18036 --- [main] com.alibaba.nacos.common.remote.client   : [909b8021-ade6-4fa1-ab87-21f03816733f] RpcClient init label, labels = {module=naming, source=sdk}
11:19:49:448  INFO 18036 --- [main] com.alibaba.nacos.common.remote.client   : [909b8021-ade6-4fa1-ab87-21f03816733f] RpcClient init, ServerListFactory = com.alibaba.nacos.client.naming.core.ServerListManager
11:19:49:449  INFO 18036 --- [main] com.alibaba.nacos.common.remote.client   : [909b8021-ade6-4fa1-ab87-21f03816733f] Registry connection listener to current client:com.alibaba.nacos.client.naming.remote.gprc.redo.NamingGrpcRedoService
11:19:49:449  INFO 18036 --- [main] com.alibaba.nacos.common.remote.client   : [909b8021-ade6-4fa1-ab87-21f03816733f] Register server push request handler:com.alibaba.nacos.client.naming.remote.gprc.NamingPushRequestHandler
11:19:49:450  INFO 18036 --- [main] com.alibaba.nacos.common.remote.client   : [909b8021-ade6-4fa1-ab87-21f03816733f] Try to connect to server on start up, server: {serverIp = '192.168.164.129', server main port = 8848}
11:19:49:583  INFO 18036 --- [main] com.alibaba.nacos.common.remote.client   : [909b8021-ade6-4fa1-ab87-21f03816733f] Success to connect to server [192.168.164.129:8848] on start up, connectionId = 1700536790296_192.168.164.1_57470
11:19:49:583  INFO 18036 --- [main] com.alibaba.nacos.common.remote.client   : [909b8021-ade6-4fa1-ab87-21f03816733f] Register server push request handler:com.alibaba.nacos.common.remote.client.RpcClient$ConnectResetRequestHandler
11:19:49:583  INFO 18036 --- [com.alibaba.nacos.client.remote.worker] com.alibaba.nacos.common.remote.client   : [909b8021-ade6-4fa1-ab87-21f03816733f] Notify connected event to listeners.
11:19:49:583  INFO 18036 --- [main] com.alibaba.nacos.common.remote.client   : [909b8021-ade6-4fa1-ab87-21f03816733f] Register server push request handler:com.alibaba.nacos.common.remote.client.RpcClient$$Lambda$484/0x0000000801029678
11:19:49:614  INFO 18036 --- [main] i.s.c.r.netty.NettyClientChannelManager  : will connect to 192.168.164.129:8099
11:19:49:653  INFO 18036 --- [main] i.s.core.rpc.netty.NettyPoolableFactory  : NettyPool create channel to transactionRole:TMROLE,address:192.168.164.129:8099,msg:< RegisterTMRequest{applicationId='cart-service', transactionServiceGroup='hmall'} >
11:19:49:838  INFO 18036 --- [main] i.s.c.rpc.netty.TmNettyRemotingClient    : register TM success. client version:1.5.2, server version:1.5.2,channel:[id: 0x2ff073ae, L:/192.168.164.1:57472 - R:/192.168.164.129:8099]
11:19:49:843  INFO 18036 --- [main] i.s.core.rpc.netty.NettyPoolableFactory  : register success, cost 40 ms, version:1.5.2,role:TMROLE,channel:[id: 0x2ff073ae, L:/192.168.164.1:57472 - R:/192.168.164.129:8099]
11:19:49:843  INFO 18036 --- [main] i.s.s.a.GlobalTransactionScanner         : Transaction Manager Client is initialized. applicationId[cart-service] txServiceGroup[hmall]
11:19:49:852  INFO 18036 --- [main] io.seata.rm.datasource.AsyncWorker       : Async Commit Buffer Limit: 10000
11:19:49:853  INFO 18036 --- [main] i.s.rm.datasource.xa.ResourceManagerXA   : ResourceManagerXA init ...
11:19:49:858  INFO 18036 --- [main] i.s.core.rpc.netty.NettyClientBootstrap  : NettyClientBootstrap has started
11:19:49:859  INFO 18036 --- [main] i.s.s.a.GlobalTransactionScanner         : Resource Manager is initialized. applicationId[cart-service] txServiceGroup[hmall]
11:19:49:859  INFO 18036 --- [main] i.s.s.a.GlobalTransactionScanner         : Global Transaction Clients are initialized. 
11:19:49:860  INFO 18036 --- [main] trationDelegate$BeanPostProcessorChecker : Bean 'io.seata.spring.boot.autoconfigure.SeataDataSourceAutoConfiguration' of type [io.seata.spring.boot.autoconfigure.SeataDataSourceAutoConfiguration] is not eligible for getting processed by all BeanPostProcessors (for example: not eligible for auto-proxying)
11:19:50:012  INFO 18036 --- [main] trationDelegate$BeanPostProcessorChecker : Bean 'com.alibaba.cloud.seata.feign.SeataFeignClientAutoConfiguration$FeignBeanPostProcessorConfiguration' of type [com.alibaba.cloud.seata.feign.SeataFeignClientAutoConfiguration$FeignBeanPostProcessorConfiguration] is not eligible for getting processed by all BeanPostProcessors (for example: not eligible for auto-proxying)
11:19:50:015  INFO 18036 --- [main] trationDelegate$BeanPostProcessorChecker : Bean 'seataFeignObjectWrapper' of type [com.alibaba.cloud.seata.feign.SeataFeignObjectWrapper] is not eligible for getting processed by all BeanPostProcessors (for example: not eligible for auto-proxying)
11:19:50:175  INFO 18036 --- [nacos-grpc-client-executor-5] com.alibaba.nacos.common.remote.client   : [909b8021-ade6-4fa1-ab87-21f03816733f] Receive server push request, request = NotifySubscriberRequest, requestId = 22
11:19:50:177  INFO 18036 --- [nacos-grpc-client-executor-5] com.alibaba.nacos.common.remote.client   : [909b8021-ade6-4fa1-ab87-21f03816733f] Ack server push request, request = NotifySubscriberRequest, requestId = 22
11:19:50:252  INFO 18036 --- [main] o.s.b.w.embedded.tomcat.TomcatWebServer  : Tomcat initialized with port(s): 8082 (http)
11:19:50:253  INFO 18036 --- [main] o.a.catalina.core.AprLifecycleListener   : Loaded Apache Tomcat Native library [1.2.36] using APR version [1.7.2].
11:19:50:253  INFO 18036 --- [main] o.a.catalina.core.AprLifecycleListener   : APR capabilities: IPv6 [true], sendfile [true], accept filters [false], random [true], UDS [true].
11:19:50:253  INFO 18036 --- [main] o.a.catalina.core.AprLifecycleListener   : APR/OpenSSL configuration: useAprConnector [false], useOpenSSL [true]
11:19:50:256  INFO 18036 --- [main] o.a.catalina.core.AprLifecycleListener   : OpenSSL successfully initialized [OpenSSL 1.1.1t  7 Feb 2023]
11:19:50:264  INFO 18036 --- [main] o.apache.catalina.core.StandardService   : Starting service [Tomcat]
11:19:50:264  INFO 18036 --- [main] org.apache.catalina.core.StandardEngine  : Starting Servlet engine: [Apache Tomcat/9.0.75]
11:19:50:396  INFO 18036 --- [main] o.a.c.c.C.[Tomcat].[localhost].[/]       : Initializing Spring embedded WebApplicationContext
11:19:50:396  INFO 18036 --- [main] w.s.c.ServletWebServerApplicationContext : Root WebApplicationContext: initialization completed in 2368 ms
11:19:50:687  INFO 18036 --- [main] o.s.c.openfeign.FeignClientFactoryBean   : For 'item-service' URL not provided. Will try picking an instance via load-balancing.
11:19:51:026  INFO 18036 --- [main] com.zaxxer.hikari.HikariDataSource       : HikariPool-1 - Starting...
11:19:51:234  INFO 18036 --- [main] com.zaxxer.hikari.HikariDataSource       : HikariPool-1 - Start completed.
11:19:51:290  INFO 18036 --- [main] i.s.c.r.netty.NettyClientChannelManager  : will connect to 192.168.164.129:8099
11:19:51:291  INFO 18036 --- [main] i.s.c.rpc.netty.RmNettyRemotingClient    : RM will register :jdbc:mysql://192.168.164.129:3306/hm-cart
11:19:51:291  INFO 18036 --- [main] i.s.core.rpc.netty.NettyPoolableFactory  : NettyPool create channel to transactionRole:RMROLE,address:192.168.164.129:8099,msg:< RegisterRMRequest{resourceIds='jdbc:mysql://192.168.164.129:3306/hm-cart', applicationId='cart-service', transactionServiceGroup='hmall'} >
11:19:51:298  INFO 18036 --- [main] i.s.c.rpc.netty.RmNettyRemotingClient    : register RM success. client version:1.5.2, server version:1.5.2,channel:[id: 0xf5535635, L:/192.168.164.1:57474 - R:/192.168.164.129:8099]
11:19:51:298  INFO 18036 --- [main] i.s.core.rpc.netty.NettyPoolableFactory  : register success, cost 5 ms, version:1.5.2,role:RMROLE,channel:[id: 0xf5535635, L:/192.168.164.1:57474 - R:/192.168.164.129:8099]
11:19:52:006  INFO 18036 --- [main] c.a.c.sentinel.SentinelWebMvcConfigurer  : [Sentinel Starter] register SentinelWebInterceptor with urlPatterns: [/**].
11:19:52:699  INFO 18036 --- [main] pertySourcedRequestMappingHandlerMapping : Mapped URL path [/v2/api-docs] onto method [springfox.documentation.swagger2.web.Swagger2ControllerWebMvc#getDocumentation(String, HttpServletRequest)]
11:19:53:514  INFO 18036 --- [main] com.alibaba.nacos.common.remote.client   : [RpcClientFactory] create a new rpc client of 658c47a6-25b6-45a1-a67f-c7696291e135
11:19:53:514  INFO 18036 --- [main] com.alibaba.nacos.common.remote.client   : [658c47a6-25b6-45a1-a67f-c7696291e135] RpcClient init label, labels = {module=naming, source=sdk}
11:19:53:514  INFO 18036 --- [main] com.alibaba.nacos.common.remote.client   : [658c47a6-25b6-45a1-a67f-c7696291e135] RpcClient init, ServerListFactory = com.alibaba.nacos.client.naming.core.ServerListManager
11:19:53:514  INFO 18036 --- [main] com.alibaba.nacos.common.remote.client   : [658c47a6-25b6-45a1-a67f-c7696291e135] Registry connection listener to current client:com.alibaba.nacos.client.naming.remote.gprc.redo.NamingGrpcRedoService
11:19:53:514  INFO 18036 --- [main] com.alibaba.nacos.common.remote.client   : [658c47a6-25b6-45a1-a67f-c7696291e135] Register server push request handler:com.alibaba.nacos.client.naming.remote.gprc.NamingPushRequestHandler
11:19:53:515  INFO 18036 --- [main] com.alibaba.nacos.common.remote.client   : [658c47a6-25b6-45a1-a67f-c7696291e135] Try to connect to server on start up, server: {serverIp = '192.168.164.129', server main port = 8848}
11:19:53:632  INFO 18036 --- [main] com.alibaba.nacos.common.remote.client   : [658c47a6-25b6-45a1-a67f-c7696291e135] Success to connect to server [192.168.164.129:8848] on start up, connectionId = 1700536794360_192.168.164.1_57485
11:19:53:632  INFO 18036 --- [main] com.alibaba.nacos.common.remote.client   : [658c47a6-25b6-45a1-a67f-c7696291e135] Register server push request handler:com.alibaba.nacos.common.remote.client.RpcClient$ConnectResetRequestHandler
11:19:53:632  INFO 18036 --- [com.alibaba.nacos.client.remote.worker] com.alibaba.nacos.common.remote.client   : [658c47a6-25b6-45a1-a67f-c7696291e135] Notify connected event to listeners.
11:19:53:632  INFO 18036 --- [main] com.alibaba.nacos.common.remote.client   : [658c47a6-25b6-45a1-a67f-c7696291e135] Register server push request handler:com.alibaba.nacos.common.remote.client.RpcClient$$Lambda$484/0x0000000801029678
11:19:53:660  INFO 18036 --- [main] o.s.b.w.embedded.tomcat.TomcatWebServer  : Tomcat started on port(s): 8082 (http) with context path ''
11:19:53:667  INFO 18036 --- [main] c.a.c.n.registry.NacosServiceRegistry    : nacos registry, DEFAULT_GROUP cart-service 10.40.38.9:8082 register finished
11:19:53:959  INFO 18036 --- [main] d.s.w.p.DocumentationPluginsBootstrapper : Documentation plugins bootstrapped
11:19:53:962  INFO 18036 --- [main] d.s.w.p.DocumentationPluginsBootstrapper : Found 1 custom documentation plugin(s)
11:19:53:979  INFO 18036 --- [main] s.d.s.w.s.ApiListingReferenceScanner     : Scanning for api listing references
11:19:54:063  INFO 18036 --- [main] com.hmall.cart.CartApplication           : Started CartApplication in 8.957 seconds (JVM running for 9.737)
11:19:54:068  INFO 18036 --- [main] c.a.c.n.refresh.NacosContextRefresher    : [Nacos Config] Listening config: dataId=cart-service, group=DEFAULT_GROUP
11:19:54:069  INFO 18036 --- [main] c.a.c.n.refresh.NacosContextRefresher    : [Nacos Config] Listening config: dataId=cart-service.yaml, group=DEFAULT_GROUP
11:19:54:069  INFO 18036 --- [main] c.a.c.n.refresh.NacosContextRefresher    : [Nacos Config] Listening config: dataId=cart-service-local.yaml, group=DEFAULT_GROUP
11:19:54:183  INFO 18036 --- [nacos-grpc-client-executor-6] com.alibaba.nacos.common.remote.client   : [658c47a6-25b6-45a1-a67f-c7696291e135] Receive server push request, request = NotifySubscriberRequest, requestId = 24
11:19:54:185  INFO 18036 --- [nacos-grpc-client-executor-6] com.alibaba.nacos.common.remote.client   : [658c47a6-25b6-45a1-a67f-c7696291e135] Ack server push request, request = NotifySubscriberRequest, requestId = 24
