09:53:42:038  INFO 4308 --- [main] com.hmall.gateway.GatewayApplication     : The following 1 profile is active: "local"
09:53:43:599  INFO 4308 --- [main] o.s.cloud.context.scope.GenericScope     : BeanFactory id=0dda26a8-30ae-38f5-9cbf-fe6a1660d933
09:53:43:744  INFO 4308 --- [main] trationDelegate$BeanPostProcessorChecker : Bean 'org.springframework.cloud.client.loadbalancer.reactive.LoadBalancerBeanPostProcessorAutoConfiguration' of type [org.springframework.cloud.client.loadbalancer.reactive.LoadBalancerBeanPostProcessorAutoConfiguration] is not eligible for getting processed by all BeanPostProcessors (for example: not eligible for auto-proxying)
09:53:43:747  INFO 4308 --- [main] trationDelegate$BeanPostProcessorChecker : Bean 'org.springframework.cloud.client.loadbalancer.reactive.LoadBalancerBeanPostProcessorAutoConfiguration$ReactorDeferringLoadBalancerFilterConfig' of type [org.springframework.cloud.client.loadbalancer.reactive.LoadBalancerBeanPostProcessorAutoConfiguration$ReactorDeferringLoadBalancerFilterConfig] is not eligible for getting processed by all BeanPostProcessors (for example: not eligible for auto-proxying)
09:53:43:751  INFO 4308 --- [main] trationDelegate$BeanPostProcessorChecker : Bean 'reactorDeferringLoadBalancerExchangeFilterFunction' of type [org.springframework.cloud.client.loadbalancer.reactive.DeferringLoadBalancerExchangeFilterFunction] is not eligible for getting processed by all BeanPostProcessors (for example: not eligible for auto-proxying)
09:53:48:330  INFO 4308 --- [main] o.s.c.g.r.RouteDefinitionRouteLocator    : Loaded RoutePredicateFactory [After]
09:53:48:331  INFO 4308 --- [main] o.s.c.g.r.RouteDefinitionRouteLocator    : Loaded RoutePredicateFactory [Before]
09:53:48:331  INFO 4308 --- [main] o.s.c.g.r.RouteDefinitionRouteLocator    : Loaded RoutePredicateFactory [Between]
09:53:48:331  INFO 4308 --- [main] o.s.c.g.r.RouteDefinitionRouteLocator    : Loaded RoutePredicateFactory [Cookie]
09:53:48:331  INFO 4308 --- [main] o.s.c.g.r.RouteDefinitionRouteLocator    : Loaded RoutePredicateFactory [Header]
09:53:48:331  INFO 4308 --- [main] o.s.c.g.r.RouteDefinitionRouteLocator    : Loaded RoutePredicateFactory [Host]
09:53:48:331  INFO 4308 --- [main] o.s.c.g.r.RouteDefinitionRouteLocator    : Loaded RoutePredicateFactory [Method]
09:53:48:331  INFO 4308 --- [main] o.s.c.g.r.RouteDefinitionRouteLocator    : Loaded RoutePredicateFactory [Path]
09:53:48:332  INFO 4308 --- [main] o.s.c.g.r.RouteDefinitionRouteLocator    : Loaded RoutePredicateFactory [Query]
09:53:48:332  INFO 4308 --- [main] o.s.c.g.r.RouteDefinitionRouteLocator    : Loaded RoutePredicateFactory [ReadBody]
09:53:48:332  INFO 4308 --- [main] o.s.c.g.r.RouteDefinitionRouteLocator    : Loaded RoutePredicateFactory [RemoteAddr]
09:53:48:332  INFO 4308 --- [main] o.s.c.g.r.RouteDefinitionRouteLocator    : Loaded RoutePredicateFactory [XForwardedRemoteAddr]
09:53:48:332  INFO 4308 --- [main] o.s.c.g.r.RouteDefinitionRouteLocator    : Loaded RoutePredicateFactory [Weight]
09:53:48:332  INFO 4308 --- [main] o.s.c.g.r.RouteDefinitionRouteLocator    : Loaded RoutePredicateFactory [CloudFoundryRouteService]
09:53:49:959  INFO 4308 --- [main] com.alibaba.nacos.common.remote.client   : [RpcClientFactory] create a new rpc client of 5eec37ec-7343-4ba9-99a1-fdac331f1804
09:53:49:960  INFO 4308 --- [main] com.alibaba.nacos.common.remote.client   : [5eec37ec-7343-4ba9-99a1-fdac331f1804] RpcClient init label, labels = {module=naming, source=sdk}
09:53:50:022  INFO 4308 --- [main] com.alibaba.nacos.common.remote.client   : [5eec37ec-7343-4ba9-99a1-fdac331f1804] RpcClient init, ServerListFactory = com.alibaba.nacos.client.naming.core.ServerListManager
09:53:50:022  INFO 4308 --- [main] com.alibaba.nacos.common.remote.client   : [5eec37ec-7343-4ba9-99a1-fdac331f1804] Registry connection listener to current client:com.alibaba.nacos.client.naming.remote.gprc.redo.NamingGrpcRedoService
09:53:50:023  INFO 4308 --- [main] com.alibaba.nacos.common.remote.client   : [5eec37ec-7343-4ba9-99a1-fdac331f1804] Register server push request handler:com.alibaba.nacos.client.naming.remote.gprc.NamingPushRequestHandler
09:53:50:037  INFO 4308 --- [main] com.alibaba.nacos.common.remote.client   : [5eec37ec-7343-4ba9-99a1-fdac331f1804] Try to connect to server on start up, server: {serverIp = '192.168.164.129', server main port = 8848}
09:53:50:231  INFO 4308 --- [main] com.alibaba.nacos.common.remote.client   : [5eec37ec-7343-4ba9-99a1-fdac331f1804] Success to connect to server [192.168.164.129:8848] on start up, connectionId = 1700531630915_192.168.164.1_58556
09:53:50:232  INFO 4308 --- [com.alibaba.nacos.client.remote.worker] com.alibaba.nacos.common.remote.client   : [5eec37ec-7343-4ba9-99a1-fdac331f1804] Notify connected event to listeners.
09:53:50:233  INFO 4308 --- [main] com.alibaba.nacos.common.remote.client   : [5eec37ec-7343-4ba9-99a1-fdac331f1804] Register server push request handler:com.alibaba.nacos.common.remote.client.RpcClient$ConnectResetRequestHandler
09:53:50:233  INFO 4308 --- [main] com.alibaba.nacos.common.remote.client   : [5eec37ec-7343-4ba9-99a1-fdac331f1804] Register server push request handler:com.alibaba.nacos.common.remote.client.RpcClient$$Lambda$466/0x000000080100c448
09:53:50:748  INFO 4308 --- [main] o.s.b.web.embedded.netty.NettyWebServer  : Netty started on port 10010
09:53:51:030  INFO 4308 --- [nacos-grpc-client-executor-4] com.alibaba.nacos.common.remote.client   : [5eec37ec-7343-4ba9-99a1-fdac331f1804] Receive server push request, request = NotifySubscriberRequest, requestId = 5
09:53:51:034  INFO 4308 --- [nacos-grpc-client-executor-4] com.alibaba.nacos.common.remote.client   : [5eec37ec-7343-4ba9-99a1-fdac331f1804] Ack server push request, request = NotifySubscriberRequest, requestId = 5
09:53:52:881  INFO 4308 --- [main] c.a.c.n.registry.NacosServiceRegistry    : nacos registry, DEFAULT_GROUP gateway 10.40.38.9:10010 register finished
09:53:52:912  INFO 4308 --- [main] com.hmall.gateway.GatewayApplication     : Started GatewayApplication in 16.804 seconds (JVM running for 18.64)
09:53:52:918  INFO 4308 --- [main] c.a.c.n.refresh.NacosContextRefresher    : [Nacos Config] Listening config: dataId=gateway.yaml, group=DEFAULT_GROUP
09:53:52:921  INFO 4308 --- [main] c.a.c.n.refresh.NacosContextRefresher    : [Nacos Config] Listening config: dataId=gateway, group=DEFAULT_GROUP
09:53:52:922  INFO 4308 --- [main] c.a.c.n.refresh.NacosContextRefresher    : [Nacos Config] Listening config: dataId=gateway-local.yaml, group=DEFAULT_GROUP
09:53:53:429  INFO 4308 --- [nacos-grpc-client-executor-9] com.alibaba.nacos.common.remote.client   : [5eec37ec-7343-4ba9-99a1-fdac331f1804] Receive server push request, request = NotifySubscriberRequest, requestId = 6
09:53:53:432  INFO 4308 --- [nacos-grpc-client-executor-9] com.alibaba.nacos.common.remote.client   : [5eec37ec-7343-4ba9-99a1-fdac331f1804] Ack server push request, request = NotifySubscriberRequest, requestId = 6
09:54:18:396  INFO 4308 --- [nacos-grpc-client-executor-17] com.alibaba.nacos.common.remote.client   : [5eec37ec-7343-4ba9-99a1-fdac331f1804] Receive server push request, request = NotifySubscriberRequest, requestId = 10
09:54:18:397  INFO 4308 --- [nacos-grpc-client-executor-17] com.alibaba.nacos.common.remote.client   : [5eec37ec-7343-4ba9-99a1-fdac331f1804] Ack server push request, request = NotifySubscriberRequest, requestId = 10
09:54:20:306  INFO 4308 --- [nacos-grpc-client-executor-20] com.alibaba.nacos.common.remote.client   : [5eec37ec-7343-4ba9-99a1-fdac331f1804] Receive server push request, request = NotifySubscriberRequest, requestId = 11
09:54:20:310  INFO 4308 --- [nacos-grpc-client-executor-20] com.alibaba.nacos.common.remote.client   : [5eec37ec-7343-4ba9-99a1-fdac331f1804] Ack server push request, request = NotifySubscriberRequest, requestId = 11
11:19:33:306  INFO 4308 --- [nacos-grpc-client-executor-1099] com.alibaba.nacos.common.remote.client   : [5eec37ec-7343-4ba9-99a1-fdac331f1804] Receive server push request, request = NotifySubscriberRequest, requestId = 21
11:19:33:340  INFO 4308 --- [nacos-grpc-client-executor-1099] com.alibaba.nacos.common.remote.client   : [5eec37ec-7343-4ba9-99a1-fdac331f1804] Ack server push request, request = NotifySubscriberRequest, requestId = 21
11:19:54:181  INFO 4308 --- [nacos-grpc-client-executor-1105] com.alibaba.nacos.common.remote.client   : [5eec37ec-7343-4ba9-99a1-fdac331f1804] Receive server push request, request = NotifySubscriberRequest, requestId = 23
11:19:54:184  INFO 4308 --- [nacos-grpc-client-executor-1105] com.alibaba.nacos.common.remote.client   : [5eec37ec-7343-4ba9-99a1-fdac331f1804] Ack server push request, request = NotifySubscriberRequest, requestId = 23
