15:49:16:619  INFO 2116 --- [main] com.hmall.trade.TradeApplication         : Starting TradeApplication using Java 17.0.2 on LAPTOP-QAMB2AE5 with PID 2116 (D:\java专用\IDEA专用\hmall\trade-service\target\classes started by admin in D:\java专用\IDEA专用\hmall)
15:49:16:624 DEBUG 2116 --- [main] com.hmall.trade.TradeApplication         : Running with Spring Boot v2.7.12, Spring v5.3.27
15:49:16:625  INFO 2116 --- [main] com.hmall.trade.TradeApplication         : The following 1 profile is active: "local"
15:49:17:605  INFO 2116 --- [main] o.s.cloud.context.scope.GenericScope     : BeanFactory id=3b517a68-8c71-310d-9e72-6845c446785a
15:49:17:944  INFO 2116 --- [main] o.s.b.w.embedded.tomcat.TomcatWebServer  : Tomcat initialized with port(s): 8085 (http)
15:49:17:945  INFO 2116 --- [main] o.a.catalina.core.AprLifecycleListener   : Loaded Apache Tomcat Native library [1.2.36] using APR version [1.7.2].
15:49:17:945  INFO 2116 --- [main] o.a.catalina.core.AprLifecycleListener   : APR capabilities: IPv6 [true], sendfile [true], accept filters [false], random [true], UDS [true].
15:49:17:946  INFO 2116 --- [main] o.a.catalina.core.AprLifecycleListener   : APR/OpenSSL configuration: useAprConnector [false], useOpenSSL [true]
15:49:17:949  INFO 2116 --- [main] o.a.catalina.core.AprLifecycleListener   : OpenSSL successfully initialized [OpenSSL 1.1.1t  7 Feb 2023]
15:49:17:957  INFO 2116 --- [main] o.apache.catalina.core.StandardService   : Starting service [Tomcat]
15:49:17:957  INFO 2116 --- [main] org.apache.catalina.core.StandardEngine  : Starting Servlet engine: [Apache Tomcat/9.0.75]
15:49:18:074  INFO 2116 --- [main] o.a.c.c.C.[Tomcat].[localhost].[/]       : Initializing Spring embedded WebApplicationContext
15:49:18:074  INFO 2116 --- [main] w.s.c.ServletWebServerApplicationContext : Root WebApplicationContext: initialization completed in 1401 ms
15:49:18:260  INFO 2116 --- [main] o.s.c.openfeign.FeignClientFactoryBean   : For 'item-service' URL not provided. Will try picking an instance via load-balancing.
15:49:19:094  INFO 2116 --- [main] o.s.c.openfeign.FeignClientFactoryBean   : For 'cart-service' URL not provided. Will try picking an instance via load-balancing.
15:49:19:806  INFO 2116 --- [main] pertySourcedRequestMappingHandlerMapping : Mapped URL path [/v2/api-docs] onto method [springfox.documentation.swagger2.web.Swagger2ControllerWebMvc#getDocumentation(String, HttpServletRequest)]
15:49:20:294  INFO 2116 --- [main] com.alibaba.nacos.common.remote.client   : [RpcClientFactory] create a new rpc client of 27e9683d-da47-44f0-8083-56c077f473e8
15:49:20:331  INFO 2116 --- [main] org.reflections.Reflections              : Reflections took 21 ms to scan 1 urls, producing 3 keys and 6 values 
15:49:20:354  INFO 2116 --- [main] org.reflections.Reflections              : Reflections took 11 ms to scan 1 urls, producing 4 keys and 9 values 
15:49:20:364  INFO 2116 --- [main] org.reflections.Reflections              : Reflections took 8 ms to scan 1 urls, producing 3 keys and 10 values 
15:49:20:366  WARN 2116 --- [main] org.reflections.Reflections              : given scan urls are empty. set urls in the configuration
15:49:20:374  INFO 2116 --- [main] org.reflections.Reflections              : Reflections took 7 ms to scan 1 urls, producing 1 keys and 5 values 
15:49:20:387  INFO 2116 --- [main] org.reflections.Reflections              : Reflections took 11 ms to scan 1 urls, producing 1 keys and 7 values 
15:49:20:397  INFO 2116 --- [main] org.reflections.Reflections              : Reflections took 7 ms to scan 1 urls, producing 2 keys and 8 values 
15:49:20:399  WARN 2116 --- [main] org.reflections.Reflections              : given scan urls are empty. set urls in the configuration
15:49:20:400  INFO 2116 --- [main] com.alibaba.nacos.common.remote.client   : [27e9683d-da47-44f0-8083-56c077f473e8] RpcClient init label, labels = {module=naming, source=sdk}
15:49:20:401  INFO 2116 --- [main] com.alibaba.nacos.common.remote.client   : [27e9683d-da47-44f0-8083-56c077f473e8] RpcClient init, ServerListFactory = com.alibaba.nacos.client.naming.core.ServerListManager
15:49:20:401  INFO 2116 --- [main] com.alibaba.nacos.common.remote.client   : [27e9683d-da47-44f0-8083-56c077f473e8] Registry connection listener to current client:com.alibaba.nacos.client.naming.remote.gprc.redo.NamingGrpcRedoService
15:49:20:401  INFO 2116 --- [main] com.alibaba.nacos.common.remote.client   : [27e9683d-da47-44f0-8083-56c077f473e8] Register server push request handler:com.alibaba.nacos.client.naming.remote.gprc.NamingPushRequestHandler
15:49:20:403  INFO 2116 --- [main] com.alibaba.nacos.common.remote.client   : [27e9683d-da47-44f0-8083-56c077f473e8] Try to connect to server on start up, server: {serverIp = '192.168.164.129', server main port = 8848}
15:49:21:371  INFO 2116 --- [main] com.alibaba.nacos.common.remote.client   : [27e9683d-da47-44f0-8083-56c077f473e8] Success to connect to server [192.168.164.129:8848] on start up, connectionId = 1699775361125_192.168.164.1_63428
15:49:21:372  INFO 2116 --- [com.alibaba.nacos.client.remote.worker] com.alibaba.nacos.common.remote.client   : [27e9683d-da47-44f0-8083-56c077f473e8] Notify connected event to listeners.
15:49:21:372  INFO 2116 --- [main] com.alibaba.nacos.common.remote.client   : [27e9683d-da47-44f0-8083-56c077f473e8] Register server push request handler:com.alibaba.nacos.common.remote.client.RpcClient$ConnectResetRequestHandler
15:49:21:372  INFO 2116 --- [main] com.alibaba.nacos.common.remote.client   : [27e9683d-da47-44f0-8083-56c077f473e8] Register server push request handler:com.alibaba.nacos.common.remote.client.RpcClient$$Lambda$1001/0x00000008012f7118
15:49:21:423  INFO 2116 --- [main] o.s.b.w.embedded.tomcat.TomcatWebServer  : Tomcat started on port(s): 8085 (http) with context path ''
15:49:21:431  INFO 2116 --- [main] c.a.c.n.registry.NacosServiceRegistry    : nacos registry, DEFAULT_GROUP trade-service 10.40.36.219:8085 register finished
15:49:21:720  INFO 2116 --- [main] d.s.w.p.DocumentationPluginsBootstrapper : Documentation plugins bootstrapped
15:49:21:723  INFO 2116 --- [main] d.s.w.p.DocumentationPluginsBootstrapper : Found 1 custom documentation plugin(s)
15:49:21:740  INFO 2116 --- [main] s.d.s.w.s.ApiListingReferenceScanner     : Scanning for api listing references
15:49:21:821  INFO 2116 --- [main] com.hmall.trade.TradeApplication         : Started TradeApplication in 6.07 seconds (JVM running for 6.728)
15:49:21:978  INFO 2116 --- [nacos-grpc-client-executor-9] com.alibaba.nacos.common.remote.client   : [27e9683d-da47-44f0-8083-56c077f473e8] Receive server push request, request = NotifySubscriberRequest, requestId = 44
15:49:21:990  INFO 2116 --- [nacos-grpc-client-executor-9] com.alibaba.nacos.common.remote.client   : [27e9683d-da47-44f0-8083-56c077f473e8] Ack server push request, request = NotifySubscriberRequest, requestId = 44
16:17:08:280  WARN 2116 --- [Thread-4] c.a.nacos.common.notify.NotifyCenter     : [NotifyCenter] Start destroying Publisher
16:17:08:280  WARN 2116 --- [Thread-7] c.a.n.common.http.HttpClientBeanHolder   : [HttpClientBeanHolder] Start destroying common HttpClient
16:17:08:284  WARN 2116 --- [Thread-4] c.a.nacos.common.notify.NotifyCenter     : [NotifyCenter] Destruction of the end
16:17:08:284  WARN 2116 --- [Thread-7] c.a.n.common.http.HttpClientBeanHolder   : [HttpClientBeanHolder] Destruction of the end
16:17:08:360  INFO 2116 --- [SpringApplicationShutdownHook] c.a.c.n.registry.NacosServiceRegistry    : De-registering from Nacos Server now...
16:17:08:363  INFO 2116 --- [SpringApplicationShutdownHook] c.a.c.n.registry.NacosServiceRegistry    : De-registration finished.
16:17:08:695  INFO 2116 --- [SpringApplicationShutdownHook] com.alibaba.nacos.common.remote.client   : Shutdown rpc client, set status to shutdown
16:17:08:695  INFO 2116 --- [SpringApplicationShutdownHook] com.alibaba.nacos.common.remote.client   : Shutdown client event executor java.util.concurrent.ScheduledThreadPoolExecutor@458874bb[Running, pool size = 2, active threads = 2, queued tasks = 0, completed tasks = 0]
16:17:08:695  INFO 2116 --- [SpringApplicationShutdownHook] com.alibaba.nacos.common.remote.client   : Close current connection 1699775361125_192.168.164.1_63428
16:17:08:697  INFO 2116 --- [nacos-grpc-client-executor-352] c.a.n.c.remote.client.grpc.GrpcClient    : [1699775361125_192.168.164.1_63428]Ignore complete event,isRunning:false,isAbandon=false
16:17:08:700  INFO 2116 --- [SpringApplicationShutdownHook] c.a.n.c.remote.client.grpc.GrpcClient    : Shutdown grpc executor java.util.concurrent.ThreadPoolExecutor@4f1d139e[Running, pool size = 5, active threads = 0, queued tasks = 0, completed tasks = 353]
16:17:23:836  INFO 10220 --- [main] com.hmall.trade.TradeApplication         : Starting TradeApplication using Java 17.0.2 on LAPTOP-QAMB2AE5 with PID 10220 (D:\java专用\IDEA专用\hmall\trade-service\target\classes started by admin in D:\java专用\IDEA专用\hmall)
16:17:23:845 DEBUG 10220 --- [main] com.hmall.trade.TradeApplication         : Running with Spring Boot v2.7.12, Spring v5.3.27
16:17:23:847  INFO 10220 --- [main] com.hmall.trade.TradeApplication         : The following 1 profile is active: "local"
16:17:27:309  INFO 10220 --- [main] o.s.cloud.context.scope.GenericScope     : BeanFactory id=3b517a68-8c71-310d-9e72-6845c446785a
16:17:27:807  INFO 10220 --- [main] o.s.b.w.embedded.tomcat.TomcatWebServer  : Tomcat initialized with port(s): 8085 (http)
16:17:27:809  INFO 10220 --- [main] o.a.catalina.core.AprLifecycleListener   : Loaded Apache Tomcat Native library [1.2.36] using APR version [1.7.2].
16:17:27:809  INFO 10220 --- [main] o.a.catalina.core.AprLifecycleListener   : APR capabilities: IPv6 [true], sendfile [true], accept filters [false], random [true], UDS [true].
16:17:27:809  INFO 10220 --- [main] o.a.catalina.core.AprLifecycleListener   : APR/OpenSSL configuration: useAprConnector [false], useOpenSSL [true]
16:17:27:816  INFO 10220 --- [main] o.a.catalina.core.AprLifecycleListener   : OpenSSL successfully initialized [OpenSSL 1.1.1t  7 Feb 2023]
16:17:27:828  INFO 10220 --- [main] o.apache.catalina.core.StandardService   : Starting service [Tomcat]
16:17:27:828  INFO 10220 --- [main] org.apache.catalina.core.StandardEngine  : Starting Servlet engine: [Apache Tomcat/9.0.75]
16:17:27:995  INFO 10220 --- [main] o.a.c.c.C.[Tomcat].[localhost].[/]       : Initializing Spring embedded WebApplicationContext
16:17:27:995  INFO 10220 --- [main] w.s.c.ServletWebServerApplicationContext : Root WebApplicationContext: initialization completed in 3997 ms
16:17:28:350  INFO 10220 --- [main] o.s.c.openfeign.FeignClientFactoryBean   : For 'item-service' URL not provided. Will try picking an instance via load-balancing.
16:17:29:467  INFO 10220 --- [main] o.s.c.openfeign.FeignClientFactoryBean   : For 'cart-service' URL not provided. Will try picking an instance via load-balancing.
16:17:30:532  INFO 10220 --- [main] pertySourcedRequestMappingHandlerMapping : Mapped URL path [/v2/api-docs] onto method [springfox.documentation.swagger2.web.Swagger2ControllerWebMvc#getDocumentation(String, HttpServletRequest)]
16:17:31:206  INFO 10220 --- [main] com.alibaba.nacos.common.remote.client   : [RpcClientFactory] create a new rpc client of dba6079d-b9be-493c-ad05-25200210e381
16:17:31:262  INFO 10220 --- [main] org.reflections.Reflections              : Reflections took 33 ms to scan 1 urls, producing 3 keys and 6 values 
16:17:31:292  INFO 10220 --- [main] org.reflections.Reflections              : Reflections took 14 ms to scan 1 urls, producing 4 keys and 9 values 
16:17:31:305  INFO 10220 --- [main] org.reflections.Reflections              : Reflections took 10 ms to scan 1 urls, producing 3 keys and 10 values 
16:17:31:311  WARN 10220 --- [main] org.reflections.Reflections              : given scan urls are empty. set urls in the configuration
16:17:31:327  INFO 10220 --- [main] org.reflections.Reflections              : Reflections took 16 ms to scan 1 urls, producing 1 keys and 5 values 
16:17:31:343  INFO 10220 --- [main] org.reflections.Reflections              : Reflections took 11 ms to scan 1 urls, producing 1 keys and 7 values 
16:17:31:358  INFO 10220 --- [main] org.reflections.Reflections              : Reflections took 11 ms to scan 1 urls, producing 2 keys and 8 values 
16:17:31:360  WARN 10220 --- [main] org.reflections.Reflections              : given scan urls are empty. set urls in the configuration
16:17:31:361  INFO 10220 --- [main] com.alibaba.nacos.common.remote.client   : [dba6079d-b9be-493c-ad05-25200210e381] RpcClient init label, labels = {module=naming, source=sdk}
16:17:31:365  INFO 10220 --- [main] com.alibaba.nacos.common.remote.client   : [dba6079d-b9be-493c-ad05-25200210e381] RpcClient init, ServerListFactory = com.alibaba.nacos.client.naming.core.ServerListManager
16:17:31:366  INFO 10220 --- [main] com.alibaba.nacos.common.remote.client   : [dba6079d-b9be-493c-ad05-25200210e381] Registry connection listener to current client:com.alibaba.nacos.client.naming.remote.gprc.redo.NamingGrpcRedoService
16:17:31:368  INFO 10220 --- [main] com.alibaba.nacos.common.remote.client   : [dba6079d-b9be-493c-ad05-25200210e381] Register server push request handler:com.alibaba.nacos.client.naming.remote.gprc.NamingPushRequestHandler
16:17:31:369  INFO 10220 --- [main] com.alibaba.nacos.common.remote.client   : [dba6079d-b9be-493c-ad05-25200210e381] Try to connect to server on start up, server: {serverIp = '192.168.164.129', server main port = 8848}
16:17:32:825  INFO 10220 --- [main] com.alibaba.nacos.common.remote.client   : [dba6079d-b9be-493c-ad05-25200210e381] Success to connect to server [192.168.164.129:8848] on start up, connectionId = 1699777052532_192.168.164.1_64068
16:17:32:825  INFO 10220 --- [com.alibaba.nacos.client.remote.worker] com.alibaba.nacos.common.remote.client   : [dba6079d-b9be-493c-ad05-25200210e381] Notify connected event to listeners.
16:17:32:825  INFO 10220 --- [main] com.alibaba.nacos.common.remote.client   : [dba6079d-b9be-493c-ad05-25200210e381] Register server push request handler:com.alibaba.nacos.common.remote.client.RpcClient$ConnectResetRequestHandler
16:17:32:826  INFO 10220 --- [main] com.alibaba.nacos.common.remote.client   : [dba6079d-b9be-493c-ad05-25200210e381] Register server push request handler:com.alibaba.nacos.common.remote.client.RpcClient$$Lambda$1001/0x00000008012f79e8
16:17:32:911  INFO 10220 --- [main] o.s.b.w.embedded.tomcat.TomcatWebServer  : Tomcat started on port(s): 8085 (http) with context path ''
16:17:32:928  INFO 10220 --- [main] c.a.c.n.registry.NacosServiceRegistry    : nacos registry, DEFAULT_GROUP trade-service 10.40.36.219:8085 register finished
16:17:33:306  INFO 10220 --- [main] d.s.w.p.DocumentationPluginsBootstrapper : Documentation plugins bootstrapped
16:17:33:311  INFO 10220 --- [main] d.s.w.p.DocumentationPluginsBootstrapper : Found 1 custom documentation plugin(s)
16:17:33:336  INFO 10220 --- [main] s.d.s.w.s.ApiListingReferenceScanner     : Scanning for api listing references
16:17:33:437  INFO 10220 --- [nacos-grpc-client-executor-9] com.alibaba.nacos.common.remote.client   : [dba6079d-b9be-493c-ad05-25200210e381] Receive server push request, request = NotifySubscriberRequest, requestId = 49
16:17:33:444  INFO 10220 --- [nacos-grpc-client-executor-9] com.alibaba.nacos.common.remote.client   : [dba6079d-b9be-493c-ad05-25200210e381] Ack server push request, request = NotifySubscriberRequest, requestId = 49
16:17:33:542  INFO 10220 --- [main] com.hmall.trade.TradeApplication         : Started TradeApplication in 12.318 seconds (JVM running for 13.764)
16:18:11:473  INFO 10220 --- [http-nio-8085-exec-1] o.a.c.c.C.[Tomcat].[localhost].[/]       : Initializing Spring DispatcherServlet 'dispatcherServlet'
16:18:11:473  INFO 10220 --- [http-nio-8085-exec-1] o.s.web.servlet.DispatcherServlet        : Initializing Servlet 'dispatcherServlet'
16:18:11:475  INFO 10220 --- [http-nio-8085-exec-1] o.s.web.servlet.DispatcherServlet        : Completed initialization in 2 ms
16:18:11:532  INFO 10220 --- [http-nio-8085-exec-1] com.zaxxer.hikari.HikariDataSource       : HikariPool-1 - Starting...
16:18:11:740  INFO 10220 --- [http-nio-8085-exec-1] com.zaxxer.hikari.HikariDataSource       : HikariPool-1 - Start completed.
16:18:11:764 DEBUG 10220 --- [http-nio-8085-exec-1] com.hmall.api.client.ItemClient          : [ItemClient#queryItemByIds] ---> GET http://item-service/items?ids=2120808 HTTP/1.1
16:18:11:764 DEBUG 10220 --- [http-nio-8085-exec-1] com.hmall.api.client.ItemClient          : [ItemClient#queryItemByIds] user-info: 1
16:18:11:764 DEBUG 10220 --- [http-nio-8085-exec-1] com.hmall.api.client.ItemClient          : [ItemClient#queryItemByIds] ---> END HTTP (0-byte body)
16:18:11:962 DEBUG 10220 --- [http-nio-8085-exec-1] com.hmall.api.client.ItemClient          : [ItemClient#queryItemByIds] <--- HTTP/1.1 200  (197ms)
16:18:11:963 DEBUG 10220 --- [http-nio-8085-exec-1] com.hmall.api.client.ItemClient          : [ItemClient#queryItemByIds] connection: keep-alive
16:18:11:963 DEBUG 10220 --- [http-nio-8085-exec-1] com.hmall.api.client.ItemClient          : [ItemClient#queryItemByIds] content-type: application/json
16:18:11:963 DEBUG 10220 --- [http-nio-8085-exec-1] com.hmall.api.client.ItemClient          : [ItemClient#queryItemByIds] date: Sun, 12 Nov 2023 08:18:11 GMT
16:18:11:963 DEBUG 10220 --- [http-nio-8085-exec-1] com.hmall.api.client.ItemClient          : [ItemClient#queryItemByIds] keep-alive: timeout=60
16:18:11:963 DEBUG 10220 --- [http-nio-8085-exec-1] com.hmall.api.client.ItemClient          : [ItemClient#queryItemByIds] transfer-encoding: chunked
16:18:11:963 DEBUG 10220 --- [http-nio-8085-exec-1] com.hmall.api.client.ItemClient          : [ItemClient#queryItemByIds] 
16:18:11:964 DEBUG 10220 --- [http-nio-8085-exec-1] com.hmall.api.client.ItemClient          : [ItemClient#queryItemByIds] [{"id":"2120808","name":"姬龙雪 guy laroche女包 GL经典手提包女牛皮大容量单肩包女欧美时尚包包女包GS1210001-06杏色","price":71800,"stock":1,"image":"https://m.360buyimg.com/mobilecms/s720x720_jfs/t30694/267/398774087/90954/6fc143cf/5bf25358N14dadbf7.jpg!q70.jpg.webp","category":"真皮包","brand":"姬龙雪","spec":"{}","sold":0,"commentCount":0,"isAD":false,"status":1}]
16:18:11:965 DEBUG 10220 --- [http-nio-8085-exec-1] com.hmall.api.client.ItemClient          : [ItemClient#queryItemByIds] <--- END HTTP (402-byte body)
16:18:12:024 DEBUG 10220 --- [http-nio-8085-exec-1] c.hmall.trade.mapper.OrderMapper.insert  : ==>  Preparing: INSERT INTO `order` ( id, total_fee, payment_type, user_id, status ) VALUES ( ?, ?, ?, ?, ? )
16:18:12:050 DEBUG 10220 --- [http-nio-8085-exec-1] c.hmall.trade.mapper.OrderMapper.insert  : ==> Parameters: 1723616166604152833(Long), 71800(Integer), 3(Integer), 1(Long), 1(Integer)
16:18:12:060 DEBUG 10220 --- [http-nio-8085-exec-1] c.hmall.trade.mapper.OrderMapper.insert  : <==    Updates: 1
16:18:12:070 DEBUG 10220 --- [http-nio-8085-exec-1] c.h.t.mapper.OrderDetailMapper.insert    : ==>  Preparing: INSERT INTO order_detail ( order_id, item_id, num, name, spec, price, image ) VALUES ( ?, ?, ?, ?, ?, ?, ? )
16:18:12:071 DEBUG 10220 --- [http-nio-8085-exec-1] c.h.t.mapper.OrderDetailMapper.insert    : ==> Parameters: 1723616166604152833(Long), 2120808(Long), 1(Integer), 姬龙雪 guy laroche女包 GL经典手提包女牛皮大容量单肩包女欧美时尚包包女包GS1210001-06杏色(String), {}(String), 71800(Integer), https://m.360buyimg.com/mobilecms/s720x720_jfs/t30694/267/398774087/90954/6fc143cf/5bf25358N14dadbf7.jpg!q70.jpg.webp(String)
16:18:12:089 DEBUG 10220 --- [http-nio-8085-exec-1] com.hmall.api.client.CartClient          : [CartClient#deleteCartItemByIds] ---> DELETE http://cart-service/carts?ids=2120808 HTTP/1.1
16:18:12:089 DEBUG 10220 --- [http-nio-8085-exec-1] com.hmall.api.client.CartClient          : [CartClient#deleteCartItemByIds] user-info: 1
16:18:12:089 DEBUG 10220 --- [http-nio-8085-exec-1] com.hmall.api.client.CartClient          : [CartClient#deleteCartItemByIds] ---> END HTTP (0-byte body)
16:18:12:138 DEBUG 10220 --- [http-nio-8085-exec-1] com.hmall.api.client.CartClient          : [CartClient#deleteCartItemByIds] <--- HTTP/1.1 200  (49ms)
16:18:12:139 DEBUG 10220 --- [http-nio-8085-exec-1] com.hmall.api.client.CartClient          : [CartClient#deleteCartItemByIds] connection: keep-alive
16:18:12:139 DEBUG 10220 --- [http-nio-8085-exec-1] com.hmall.api.client.CartClient          : [CartClient#deleteCartItemByIds] content-length: 0
16:18:12:139 DEBUG 10220 --- [http-nio-8085-exec-1] com.hmall.api.client.CartClient          : [CartClient#deleteCartItemByIds] date: Sun, 12 Nov 2023 08:18:12 GMT
16:18:12:139 DEBUG 10220 --- [http-nio-8085-exec-1] com.hmall.api.client.CartClient          : [CartClient#deleteCartItemByIds] keep-alive: timeout=60
16:18:12:139 DEBUG 10220 --- [http-nio-8085-exec-1] com.hmall.api.client.CartClient          : [CartClient#deleteCartItemByIds] <--- END HTTP (0-byte body)
16:18:12:150 DEBUG 10220 --- [http-nio-8085-exec-1] com.hmall.api.client.ItemClient          : [ItemClient#deductStock] ---> PUT http://item-service/items/stock/deduct HTTP/1.1
16:18:12:150 DEBUG 10220 --- [http-nio-8085-exec-1] com.hmall.api.client.ItemClient          : [ItemClient#deductStock] Content-Length: 30
16:18:12:150 DEBUG 10220 --- [http-nio-8085-exec-1] com.hmall.api.client.ItemClient          : [ItemClient#deductStock] Content-Type: application/json
16:18:12:150 DEBUG 10220 --- [http-nio-8085-exec-1] com.hmall.api.client.ItemClient          : [ItemClient#deductStock] user-info: 1
16:18:12:150 DEBUG 10220 --- [http-nio-8085-exec-1] com.hmall.api.client.ItemClient          : [ItemClient#deductStock] 
16:18:12:150 DEBUG 10220 --- [http-nio-8085-exec-1] com.hmall.api.client.ItemClient          : [ItemClient#deductStock] [{"itemId":"2120808","num":1}]
16:18:12:150 DEBUG 10220 --- [http-nio-8085-exec-1] com.hmall.api.client.ItemClient          : [ItemClient#deductStock] ---> END HTTP (30-byte body)
16:18:12:195 DEBUG 10220 --- [http-nio-8085-exec-1] com.hmall.api.client.ItemClient          : [ItemClient#deductStock] <--- HTTP/1.1 200  (44ms)
16:18:12:195 DEBUG 10220 --- [http-nio-8085-exec-1] com.hmall.api.client.ItemClient          : [ItemClient#deductStock] connection: keep-alive
16:18:12:195 DEBUG 10220 --- [http-nio-8085-exec-1] com.hmall.api.client.ItemClient          : [ItemClient#deductStock] content-length: 0
16:18:12:195 DEBUG 10220 --- [http-nio-8085-exec-1] com.hmall.api.client.ItemClient          : [ItemClient#deductStock] date: Sun, 12 Nov 2023 08:18:12 GMT
16:18:12:195 DEBUG 10220 --- [http-nio-8085-exec-1] com.hmall.api.client.ItemClient          : [ItemClient#deductStock] keep-alive: timeout=60
16:18:12:195 DEBUG 10220 --- [http-nio-8085-exec-1] com.hmall.api.client.ItemClient          : [ItemClient#deductStock] <--- END HTTP (0-byte body)
16:18:12:289 DEBUG 10220 --- [http-nio-8085-exec-2] c.h.trade.mapper.OrderMapper.selectById  : ==>  Preparing: SELECT id,total_fee,payment_type,user_id,status,create_time,pay_time,consign_time,end_time,close_time,comment_time,update_time FROM `order` WHERE id=?
16:18:12:290 DEBUG 10220 --- [http-nio-8085-exec-2] c.h.trade.mapper.OrderMapper.selectById  : ==> Parameters: 1723616166604152833(Long)
16:18:12:304 DEBUG 10220 --- [http-nio-8085-exec-2] c.h.trade.mapper.OrderMapper.selectById  : <==      Total: 1
16:18:12:408  INFO 10220 --- [nacos-grpc-client-executor-24] com.alibaba.nacos.common.remote.client   : [dba6079d-b9be-493c-ad05-25200210e381] Receive server push request, request = NotifySubscriberRequest, requestId = 51
16:18:12:409  INFO 10220 --- [nacos-grpc-client-executor-24] com.alibaba.nacos.common.remote.client   : [dba6079d-b9be-493c-ad05-25200210e381] Ack server push request, request = NotifySubscriberRequest, requestId = 51
16:18:12:708  INFO 10220 --- [nacos-grpc-client-executor-25] com.alibaba.nacos.common.remote.client   : [dba6079d-b9be-493c-ad05-25200210e381] Receive server push request, request = NotifySubscriberRequest, requestId = 52
16:18:12:709  INFO 10220 --- [nacos-grpc-client-executor-25] com.alibaba.nacos.common.remote.client   : [dba6079d-b9be-493c-ad05-25200210e381] Ack server push request, request = NotifySubscriberRequest, requestId = 52
16:25:49:543 DEBUG 10220 --- [http-nio-8085-exec-4] com.hmall.api.client.ItemClient          : [ItemClient#queryItemByIds] ---> GET http://item-service/items?ids=2120808 HTTP/1.1
16:25:49:544 DEBUG 10220 --- [http-nio-8085-exec-4] com.hmall.api.client.ItemClient          : [ItemClient#queryItemByIds] user-info: 1
16:25:49:544 DEBUG 10220 --- [http-nio-8085-exec-4] com.hmall.api.client.ItemClient          : [ItemClient#queryItemByIds] ---> END HTTP (0-byte body)
16:25:49:557 DEBUG 10220 --- [http-nio-8085-exec-4] com.hmall.api.client.ItemClient          : [ItemClient#queryItemByIds] <--- HTTP/1.1 200  (13ms)
16:25:49:558 DEBUG 10220 --- [http-nio-8085-exec-4] com.hmall.api.client.ItemClient          : [ItemClient#queryItemByIds] connection: keep-alive
16:25:49:558 DEBUG 10220 --- [http-nio-8085-exec-4] com.hmall.api.client.ItemClient          : [ItemClient#queryItemByIds] content-type: application/json
16:25:49:558 DEBUG 10220 --- [http-nio-8085-exec-4] com.hmall.api.client.ItemClient          : [ItemClient#queryItemByIds] date: Sun, 12 Nov 2023 08:25:49 GMT
16:25:49:558 DEBUG 10220 --- [http-nio-8085-exec-4] com.hmall.api.client.ItemClient          : [ItemClient#queryItemByIds] keep-alive: timeout=60
16:25:49:558 DEBUG 10220 --- [http-nio-8085-exec-4] com.hmall.api.client.ItemClient          : [ItemClient#queryItemByIds] transfer-encoding: chunked
16:25:49:558 DEBUG 10220 --- [http-nio-8085-exec-4] com.hmall.api.client.ItemClient          : [ItemClient#queryItemByIds] 
16:25:49:558 DEBUG 10220 --- [http-nio-8085-exec-4] com.hmall.api.client.ItemClient          : [ItemClient#queryItemByIds] [{"id":"2120808","name":"姬龙雪 guy laroche女包 GL经典手提包女牛皮大容量单肩包女欧美时尚包包女包GS1210001-06杏色","price":71800,"stock":0,"image":"https://m.360buyimg.com/mobilecms/s720x720_jfs/t30694/267/398774087/90954/6fc143cf/5bf25358N14dadbf7.jpg!q70.jpg.webp","category":"真皮包","brand":"姬龙雪","spec":"{}","sold":0,"commentCount":0,"isAD":false,"status":1}]
16:25:49:558 DEBUG 10220 --- [http-nio-8085-exec-4] com.hmall.api.client.ItemClient          : [ItemClient#queryItemByIds] <--- END HTTP (402-byte body)
16:25:49:559 DEBUG 10220 --- [http-nio-8085-exec-4] c.hmall.trade.mapper.OrderMapper.insert  : ==>  Preparing: INSERT INTO `order` ( id, total_fee, payment_type, user_id, status ) VALUES ( ?, ?, ?, ?, ? )
16:25:49:560 DEBUG 10220 --- [http-nio-8085-exec-4] c.hmall.trade.mapper.OrderMapper.insert  : ==> Parameters: 1723618085678587906(Long), 71800(Integer), 3(Integer), 1(Long), 1(Integer)
16:25:49:562 DEBUG 10220 --- [http-nio-8085-exec-4] c.hmall.trade.mapper.OrderMapper.insert  : <==    Updates: 1
16:25:49:562 DEBUG 10220 --- [http-nio-8085-exec-4] c.h.t.mapper.OrderDetailMapper.insert    : ==>  Preparing: INSERT INTO order_detail ( order_id, item_id, num, name, spec, price, image ) VALUES ( ?, ?, ?, ?, ?, ?, ? )
16:25:49:563 DEBUG 10220 --- [http-nio-8085-exec-4] c.h.t.mapper.OrderDetailMapper.insert    : ==> Parameters: 1723618085678587906(Long), 2120808(Long), 1(Integer), 姬龙雪 guy laroche女包 GL经典手提包女牛皮大容量单肩包女欧美时尚包包女包GS1210001-06杏色(String), {}(String), 71800(Integer), https://m.360buyimg.com/mobilecms/s720x720_jfs/t30694/267/398774087/90954/6fc143cf/5bf25358N14dadbf7.jpg!q70.jpg.webp(String)
16:25:49:566 DEBUG 10220 --- [http-nio-8085-exec-4] com.hmall.api.client.CartClient          : [CartClient#deleteCartItemByIds] ---> DELETE http://cart-service/carts?ids=2120808 HTTP/1.1
16:25:49:566 DEBUG 10220 --- [http-nio-8085-exec-4] com.hmall.api.client.CartClient          : [CartClient#deleteCartItemByIds] user-info: 1
16:25:49:566 DEBUG 10220 --- [http-nio-8085-exec-4] com.hmall.api.client.CartClient          : [CartClient#deleteCartItemByIds] ---> END HTTP (0-byte body)
16:25:49:577 DEBUG 10220 --- [http-nio-8085-exec-4] com.hmall.api.client.CartClient          : [CartClient#deleteCartItemByIds] <--- HTTP/1.1 200  (11ms)
16:25:49:578 DEBUG 10220 --- [http-nio-8085-exec-4] com.hmall.api.client.CartClient          : [CartClient#deleteCartItemByIds] connection: keep-alive
16:25:49:578 DEBUG 10220 --- [http-nio-8085-exec-4] com.hmall.api.client.CartClient          : [CartClient#deleteCartItemByIds] content-length: 0
16:25:49:578 DEBUG 10220 --- [http-nio-8085-exec-4] com.hmall.api.client.CartClient          : [CartClient#deleteCartItemByIds] date: Sun, 12 Nov 2023 08:25:49 GMT
16:25:49:578 DEBUG 10220 --- [http-nio-8085-exec-4] com.hmall.api.client.CartClient          : [CartClient#deleteCartItemByIds] keep-alive: timeout=60
16:25:49:578 DEBUG 10220 --- [http-nio-8085-exec-4] com.hmall.api.client.CartClient          : [CartClient#deleteCartItemByIds] <--- END HTTP (0-byte body)
16:25:49:578 DEBUG 10220 --- [http-nio-8085-exec-4] com.hmall.api.client.ItemClient          : [ItemClient#deductStock] ---> PUT http://item-service/items/stock/deduct HTTP/1.1
16:25:49:578 DEBUG 10220 --- [http-nio-8085-exec-4] com.hmall.api.client.ItemClient          : [ItemClient#deductStock] Content-Length: 30
16:25:49:579 DEBUG 10220 --- [http-nio-8085-exec-4] com.hmall.api.client.ItemClient          : [ItemClient#deductStock] Content-Type: application/json
16:25:49:579 DEBUG 10220 --- [http-nio-8085-exec-4] com.hmall.api.client.ItemClient          : [ItemClient#deductStock] user-info: 1
16:25:49:579 DEBUG 10220 --- [http-nio-8085-exec-4] com.hmall.api.client.ItemClient          : [ItemClient#deductStock] 
16:25:49:579 DEBUG 10220 --- [http-nio-8085-exec-4] com.hmall.api.client.ItemClient          : [ItemClient#deductStock] [{"itemId":"2120808","num":1}]
16:25:49:579 DEBUG 10220 --- [http-nio-8085-exec-4] com.hmall.api.client.ItemClient          : [ItemClient#deductStock] ---> END HTTP (30-byte body)
16:25:49:590 DEBUG 10220 --- [http-nio-8085-exec-4] com.hmall.api.client.ItemClient          : [ItemClient#deductStock] <--- HTTP/1.1 200  (10ms)
16:25:49:590 DEBUG 10220 --- [http-nio-8085-exec-4] com.hmall.api.client.ItemClient          : [ItemClient#deductStock] connection: keep-alive
16:25:49:590 DEBUG 10220 --- [http-nio-8085-exec-4] com.hmall.api.client.ItemClient          : [ItemClient#deductStock] content-length: 0
16:25:49:590 DEBUG 10220 --- [http-nio-8085-exec-4] com.hmall.api.client.ItemClient          : [ItemClient#deductStock] date: Sun, 12 Nov 2023 08:25:49 GMT
16:25:49:590 DEBUG 10220 --- [http-nio-8085-exec-4] com.hmall.api.client.ItemClient          : [ItemClient#deductStock] keep-alive: timeout=60
16:25:49:590 DEBUG 10220 --- [http-nio-8085-exec-4] com.hmall.api.client.ItemClient          : [ItemClient#deductStock] <--- END HTTP (0-byte body)
16:25:49:644 DEBUG 10220 --- [http-nio-8085-exec-5] c.h.trade.mapper.OrderMapper.selectById  : ==>  Preparing: SELECT id,total_fee,payment_type,user_id,status,create_time,pay_time,consign_time,end_time,close_time,comment_time,update_time FROM `order` WHERE id=?
16:25:49:644 DEBUG 10220 --- [http-nio-8085-exec-5] c.h.trade.mapper.OrderMapper.selectById  : ==> Parameters: 1723618085678587906(Long)
16:25:49:648 DEBUG 10220 --- [http-nio-8085-exec-5] c.h.trade.mapper.OrderMapper.selectById  : <==      Total: 1
16:29:05:765  INFO 10220 --- [nacos-grpc-client-executor-179] com.alibaba.nacos.common.remote.client   : [dba6079d-b9be-493c-ad05-25200210e381] Receive server push request, request = NotifySubscriberRequest, requestId = 56
16:29:05:766  INFO 10220 --- [nacos-grpc-client-executor-179] com.alibaba.nacos.common.remote.client   : [dba6079d-b9be-493c-ad05-25200210e381] Ack server push request, request = NotifySubscriberRequest, requestId = 56
16:29:09:456  WARN 10220 --- [Thread-7] c.a.n.common.http.HttpClientBeanHolder   : [HttpClientBeanHolder] Start destroying common HttpClient
16:29:09:456  WARN 10220 --- [Thread-4] c.a.nacos.common.notify.NotifyCenter     : [NotifyCenter] Start destroying Publisher
16:29:09:457  WARN 10220 --- [Thread-4] c.a.nacos.common.notify.NotifyCenter     : [NotifyCenter] Destruction of the end
16:29:09:457  WARN 10220 --- [Thread-7] c.a.n.common.http.HttpClientBeanHolder   : [HttpClientBeanHolder] Destruction of the end
16:29:09:505  INFO 10220 --- [SpringApplicationShutdownHook] c.a.c.n.registry.NacosServiceRegistry    : De-registering from Nacos Server now...
16:29:09:508  INFO 10220 --- [SpringApplicationShutdownHook] c.a.c.n.registry.NacosServiceRegistry    : De-registration finished.
16:29:09:811  INFO 10220 --- [SpringApplicationShutdownHook] com.alibaba.nacos.common.remote.client   : Shutdown rpc client, set status to shutdown
16:29:09:811  INFO 10220 --- [SpringApplicationShutdownHook] com.alibaba.nacos.common.remote.client   : Shutdown client event executor java.util.concurrent.ScheduledThreadPoolExecutor@2f9a3c93[Running, pool size = 2, active threads = 2, queued tasks = 0, completed tasks = 0]
16:29:09:811  INFO 10220 --- [SpringApplicationShutdownHook] com.alibaba.nacos.common.remote.client   : Close current connection 1699777052532_192.168.164.1_64068
16:29:09:813  INFO 10220 --- [nacos-grpc-client-executor-182] c.a.n.c.remote.client.grpc.GrpcClient    : [1699777052532_192.168.164.1_64068]Ignore complete event,isRunning:false,isAbandon=false
16:29:09:815  INFO 10220 --- [SpringApplicationShutdownHook] c.a.n.c.remote.client.grpc.GrpcClient    : Shutdown grpc executor java.util.concurrent.ThreadPoolExecutor@12a9f4f4[Running, pool size = 5, active threads = 0, queued tasks = 0, completed tasks = 183]
16:29:09:821  INFO 10220 --- [SpringApplicationShutdownHook] com.zaxxer.hikari.HikariDataSource       : HikariPool-1 - Shutdown initiated...
16:29:09:830  INFO 10220 --- [SpringApplicationShutdownHook] com.zaxxer.hikari.HikariDataSource       : HikariPool-1 - Shutdown completed.
